{"/Users/sebas/Downloads/Sistema de Inventario/frontend/src/App.tsx": {"path":"/Users/sebas/Downloads/Sistema de Inventario/frontend/src/App.tsx","statementMap":{"0":{"start":{"line":26,"column":22},"end":{"line":26,"column":36}},"1":{"start":{"line":27,"column":21},"end":{"line":27,"column":null}},"2":{"start":{"line":29,"column":2},"end":{"line":53,"column":null}},"3":{"start":{"line":58,"column":2},"end":{"line":75,"column":null}}},"fnMap":{"0":{"name":"AppShell","decl":{"start":{"line":25,"column":9},"end":{"line":25,"column":20}},"loc":{"start":{"line":25,"column":20},"end":{"line":55,"column":null}},"line":25},"1":{"name":"App","decl":{"start":{"line":57,"column":9},"end":{"line":57,"column":15}},"loc":{"start":{"line":57,"column":15},"end":{"line":77,"column":null}},"line":57}},"branchMap":{"0":{"loc":{"start":{"line":33,"column":9},"end":{"line":34,"column":9}},"type":"binary-expr","locations":[{"start":{"line":33,"column":9},"end":{"line":33,"column":24}},{"start":{"line":33,"column":24},"end":{"line":34,"column":9}}],"line":33}},"s":{"0":0,"1":0,"2":0,"3":0},"f":{"0":0,"1":0},"b":{"0":[0,0]},"meta":{"lastBranch":1,"lastFunction":2,"lastStatement":4,"seen":{"f:25:9:25:20":0,"s:26:22:26:36":0,"s:27:21:27:Infinity":1,"s:29:2:53:Infinity":2,"b:33:9:33:24:33:24:34:9":0,"f:57:9:57:15":1,"s:58:2:75:Infinity":3},"fnNames":{}}}
,"/Users/sebas/Downloads/Sistema de Inventario/frontend/src/api.ts": {"path":"/Users/sebas/Downloads/Sistema de Inventario/frontend/src/api.ts","statementMap":{"0":{"start":{"line":4,"column":16},"end":{"line":4,"column":null}},"1":{"start":{"line":8,"column":58},"end":{"line":14,"column":null}},"2":{"start":{"line":20,"column":49},"end":{"line":22,"column":null}},"3":{"start":{"line":28,"column":13},"end":{"line":29,"column":null}},"4":{"start":{"line":29,"column":2},"end":{"line":29,"column":null}},"5":{"start":{"line":34,"column":21},"end":{"line":43,"column":null}},"6":{"start":{"line":44,"column":32},"end":{"line":44,"column":null}},"7":{"start":{"line":46,"column":13},"end":{"line":47,"column":null}},"8":{"start":{"line":47,"column":2},"end":{"line":47,"column":null}},"9":{"start":{"line":49,"column":57},"end":{"line":54,"column":null}},"10":{"start":{"line":56,"column":68},"end":{"line":60,"column":null}},"11":{"start":{"line":113,"column":13},"end":{"line":114,"column":null}},"12":{"start":{"line":114,"column":2},"end":{"line":114,"column":null}},"13":{"start":{"line":156,"column":16},"end":{"line":156,"column":25}},"14":{"start":{"line":157,"column":14},"end":{"line":164,"column":null}},"15":{"start":{"line":165,"column":2},"end":{"line":168,"column":null}},"16":{"start":{"line":166,"column":19},"end":{"line":166,"column":null}},"17":{"start":{"line":166,"column":48},"end":{"line":166,"column":52}},"18":{"start":{"line":167,"column":4},"end":{"line":167,"column":null}},"19":{"start":{"line":169,"column":2},"end":{"line":169,"column":null}},"20":{"start":{"line":169,"column":26},"end":{"line":169,"column":null}},"21":{"start":{"line":170,"column":2},"end":{"line":170,"column":null}},"22":{"start":{"line":173,"column":13},"end":{"line":173,"column":null}},"23":{"start":{"line":173,"column":30},"end":{"line":173,"column":null}},"24":{"start":{"line":175,"column":13},"end":{"line":179,"column":null}},"25":{"start":{"line":176,"column":2},"end":{"line":179,"column":null}},"26":{"start":{"line":187,"column":13},"end":{"line":193,"column":null}},"27":{"start":{"line":193,"column":6},"end":{"line":193,"column":null}},"28":{"start":{"line":195,"column":13},"end":{"line":196,"column":null}},"29":{"start":{"line":196,"column":2},"end":{"line":196,"column":null}},"30":{"start":{"line":198,"column":13},"end":{"line":198,"column":null}},"31":{"start":{"line":198,"column":27},"end":{"line":198,"column":null}},"32":{"start":{"line":200,"column":13},"end":{"line":201,"column":null}},"33":{"start":{"line":201,"column":2},"end":{"line":201,"column":null}},"34":{"start":{"line":203,"column":13},"end":{"line":204,"column":null}},"35":{"start":{"line":204,"column":2},"end":{"line":204,"column":null}},"36":{"start":{"line":204,"column":79},"end":{"line":204,"column":83}},"37":{"start":{"line":206,"column":13},"end":{"line":207,"column":null}},"38":{"start":{"line":207,"column":2},"end":{"line":207,"column":null}},"39":{"start":{"line":215,"column":13},"end":{"line":216,"column":null}},"40":{"start":{"line":216,"column":2},"end":{"line":216,"column":null}},"41":{"start":{"line":234,"column":13},"end":{"line":235,"column":null}},"42":{"start":{"line":235,"column":2},"end":{"line":235,"column":null}},"43":{"start":{"line":244,"column":13},"end":{"line":245,"column":null}},"44":{"start":{"line":245,"column":2},"end":{"line":245,"column":null}},"45":{"start":{"line":247,"column":13},"end":{"line":248,"column":null}},"46":{"start":{"line":248,"column":2},"end":{"line":248,"column":null}},"47":{"start":{"line":262,"column":13},"end":{"line":263,"column":null}},"48":{"start":{"line":263,"column":2},"end":{"line":263,"column":null}},"49":{"start":{"line":281,"column":13},"end":{"line":285,"column":null}},"50":{"start":{"line":282,"column":2},"end":{"line":285,"column":null}},"51":{"start":{"line":296,"column":13},"end":{"line":297,"column":null}},"52":{"start":{"line":297,"column":2},"end":{"line":297,"column":null}},"53":{"start":{"line":299,"column":32},"end":{"line":312,"column":null}},"54":{"start":{"line":300,"column":19},"end":{"line":300,"column":null}},"55":{"start":{"line":301,"column":2},"end":{"line":301,"column":null}},"56":{"start":{"line":302,"column":14},"end":{"line":306,"column":null}},"57":{"start":{"line":307,"column":2},"end":{"line":310,"column":null}},"58":{"start":{"line":308,"column":19},"end":{"line":308,"column":null}},"59":{"start":{"line":308,"column":48},"end":{"line":308,"column":52}},"60":{"start":{"line":309,"column":4},"end":{"line":309,"column":null}},"61":{"start":{"line":311,"column":2},"end":{"line":311,"column":null}},"62":{"start":{"line":314,"column":13},"end":{"line":315,"column":null}},"63":{"start":{"line":315,"column":2},"end":{"line":315,"column":null}},"64":{"start":{"line":317,"column":13},"end":{"line":318,"column":null}},"65":{"start":{"line":318,"column":2},"end":{"line":318,"column":null}},"66":{"start":{"line":320,"column":13},"end":{"line":321,"column":null}},"67":{"start":{"line":321,"column":2},"end":{"line":321,"column":null}},"68":{"start":{"line":323,"column":13},"end":{"line":323,"column":null}},"69":{"start":{"line":323,"column":30},"end":{"line":323,"column":null}},"70":{"start":{"line":325,"column":13},"end":{"line":326,"column":null}},"71":{"start":{"line":326,"column":2},"end":{"line":326,"column":null}},"72":{"start":{"line":340,"column":13},"end":{"line":341,"column":null}},"73":{"start":{"line":341,"column":2},"end":{"line":341,"column":null}},"74":{"start":{"line":343,"column":13},"end":{"line":344,"column":null}},"75":{"start":{"line":344,"column":2},"end":{"line":344,"column":null}},"76":{"start":{"line":346,"column":13},"end":{"line":346,"column":null}},"77":{"start":{"line":346,"column":40},"end":{"line":346,"column":null}},"78":{"start":{"line":348,"column":13},"end":{"line":348,"column":null}},"79":{"start":{"line":348,"column":35},"end":{"line":348,"column":null}},"80":{"start":{"line":350,"column":13},"end":{"line":351,"column":null}},"81":{"start":{"line":351,"column":2},"end":{"line":351,"column":null}},"82":{"start":{"line":353,"column":13},"end":{"line":354,"column":null}},"83":{"start":{"line":354,"column":2},"end":{"line":354,"column":null}},"84":{"start":{"line":356,"column":13},"end":{"line":357,"column":null}},"85":{"start":{"line":357,"column":2},"end":{"line":357,"column":null}},"86":{"start":{"line":359,"column":13},"end":{"line":363,"column":null}},"87":{"start":{"line":360,"column":2},"end":{"line":363,"column":null}},"88":{"start":{"line":365,"column":13},"end":{"line":369,"column":null}},"89":{"start":{"line":366,"column":2},"end":{"line":369,"column":null}},"90":{"start":{"line":371,"column":13},"end":{"line":375,"column":null}},"91":{"start":{"line":372,"column":2},"end":{"line":375,"column":null}},"92":{"start":{"line":377,"column":13},"end":{"line":381,"column":null}},"93":{"start":{"line":378,"column":2},"end":{"line":381,"column":null}},"94":{"start":{"line":383,"column":13},"end":{"line":387,"column":null}},"95":{"start":{"line":384,"column":2},"end":{"line":387,"column":null}},"96":{"start":{"line":389,"column":13},"end":{"line":393,"column":null}},"97":{"start":{"line":390,"column":2},"end":{"line":393,"column":null}},"98":{"start":{"line":411,"column":13},"end":{"line":412,"column":null}},"99":{"start":{"line":412,"column":2},"end":{"line":412,"column":null}},"100":{"start":{"line":414,"column":13},"end":{"line":418,"column":null}},"101":{"start":{"line":415,"column":2},"end":{"line":418,"column":null}},"102":{"start":{"line":420,"column":13},"end":{"line":421,"column":null}},"103":{"start":{"line":421,"column":2},"end":{"line":421,"column":null}},"104":{"start":{"line":423,"column":13},"end":{"line":424,"column":null}},"105":{"start":{"line":424,"column":2},"end":{"line":424,"column":null}},"106":{"start":{"line":445,"column":13},"end":{"line":449,"column":null}},"107":{"start":{"line":446,"column":2},"end":{"line":449,"column":null}},"108":{"start":{"line":451,"column":13},"end":{"line":451,"column":null}},"109":{"start":{"line":451,"column":40},"end":{"line":451,"column":null}},"110":{"start":{"line":453,"column":13},"end":{"line":454,"column":null}},"111":{"start":{"line":454,"column":2},"end":{"line":454,"column":null}},"112":{"start":{"line":456,"column":13},"end":{"line":460,"column":null}},"113":{"start":{"line":457,"column":2},"end":{"line":460,"column":null}},"114":{"start":{"line":462,"column":13},"end":{"line":466,"column":null}},"115":{"start":{"line":463,"column":2},"end":{"line":466,"column":null}},"116":{"start":{"line":476,"column":13},"end":{"line":477,"column":null}},"117":{"start":{"line":477,"column":2},"end":{"line":477,"column":null}},"118":{"start":{"line":479,"column":13},"end":{"line":483,"column":null}},"119":{"start":{"line":480,"column":2},"end":{"line":483,"column":null}},"120":{"start":{"line":495,"column":13},"end":{"line":503,"column":null}},"121":{"start":{"line":496,"column":16},"end":{"line":496,"column":null}},"122":{"start":{"line":497,"column":2},"end":{"line":497,"column":null}},"123":{"start":{"line":497,"column":27},"end":{"line":497,"column":null}},"124":{"start":{"line":498,"column":2},"end":{"line":498,"column":null}},"125":{"start":{"line":498,"column":24},"end":{"line":498,"column":null}},"126":{"start":{"line":499,"column":2},"end":{"line":499,"column":null}},"127":{"start":{"line":499,"column":21},"end":{"line":499,"column":null}},"128":{"start":{"line":500,"column":2},"end":{"line":500,"column":null}},"129":{"start":{"line":500,"column":22},"end":{"line":500,"column":null}},"130":{"start":{"line":501,"column":13},"end":{"line":501,"column":null}},"131":{"start":{"line":502,"column":2},"end":{"line":502,"column":null}}},"fnMap":{"0":{"name":"(anonymous_0)","decl":{"start":{"line":28,"column":13},"end":{"line":28,"column":26}},"loc":{"start":{"line":29,"column":2},"end":{"line":29,"column":null}},"line":29},"1":{"name":"(anonymous_1)","decl":{"start":{"line":46,"column":13},"end":{"line":46,"column":31}},"loc":{"start":{"line":47,"column":2},"end":{"line":47,"column":null}},"line":47},"2":{"name":"(anonymous_2)","decl":{"start":{"line":113,"column":13},"end":{"line":113,"column":30}},"loc":{"start":{"line":114,"column":2},"end":{"line":114,"column":null}},"line":114},"3":{"name":"request","decl":{"start":{"line":155,"column":15},"end":{"line":155,"column":26}},"loc":{"start":{"line":155,"column":75},"end":{"line":171,"column":null}},"line":155},"4":{"name":"(anonymous_4)","decl":{"start":{"line":166,"column":36},"end":{"line":166,"column":48}},"loc":{"start":{"line":166,"column":48},"end":{"line":166,"column":52}},"line":166},"5":{"name":"(anonymous_5)","decl":{"start":{"line":173,"column":13},"end":{"line":173,"column":30}},"loc":{"start":{"line":173,"column":30},"end":{"line":173,"column":null}},"line":173},"6":{"name":"(anonymous_6)","decl":{"start":{"line":175,"column":13},"end":{"line":175,"column":41}},"loc":{"start":{"line":176,"column":2},"end":{"line":179,"column":null}},"line":176},"7":{"name":"(anonymous_7)","decl":{"start":{"line":187,"column":13},"end":{"line":187,"column":29}},"loc":{"start":{"line":193,"column":6},"end":{"line":193,"column":null}},"line":193},"8":{"name":"(anonymous_8)","decl":{"start":{"line":195,"column":13},"end":{"line":195,"column":22}},"loc":{"start":{"line":196,"column":2},"end":{"line":196,"column":null}},"line":196},"9":{"name":"(anonymous_9)","decl":{"start":{"line":198,"column":13},"end":{"line":198,"column":27}},"loc":{"start":{"line":198,"column":27},"end":{"line":198,"column":null}},"line":198},"10":{"name":"(anonymous_10)","decl":{"start":{"line":200,"column":13},"end":{"line":200,"column":31}},"loc":{"start":{"line":201,"column":2},"end":{"line":201,"column":null}},"line":201},"11":{"name":"(anonymous_11)","decl":{"start":{"line":203,"column":13},"end":{"line":203,"column":null}},"loc":{"start":{"line":204,"column":2},"end":{"line":204,"column":null}},"line":204},"12":{"name":"(anonymous_12)","decl":{"start":{"line":204,"column":67},"end":{"line":204,"column":79}},"loc":{"start":{"line":204,"column":79},"end":{"line":204,"column":83}},"line":204},"13":{"name":"(anonymous_13)","decl":{"start":{"line":206,"column":13},"end":{"line":206,"column":26}},"loc":{"start":{"line":207,"column":2},"end":{"line":207,"column":null}},"line":207},"14":{"name":"(anonymous_14)","decl":{"start":{"line":215,"column":13},"end":{"line":215,"column":37}},"loc":{"start":{"line":216,"column":2},"end":{"line":216,"column":null}},"line":216},"15":{"name":"(anonymous_15)","decl":{"start":{"line":234,"column":13},"end":{"line":234,"column":28}},"loc":{"start":{"line":235,"column":2},"end":{"line":235,"column":null}},"line":235},"16":{"name":"(anonymous_16)","decl":{"start":{"line":244,"column":13},"end":{"line":244,"column":36}},"loc":{"start":{"line":245,"column":2},"end":{"line":245,"column":null}},"line":245},"17":{"name":"(anonymous_17)","decl":{"start":{"line":247,"column":13},"end":{"line":247,"column":31}},"loc":{"start":{"line":248,"column":2},"end":{"line":248,"column":null}},"line":248},"18":{"name":"(anonymous_18)","decl":{"start":{"line":262,"column":13},"end":{"line":262,"column":32}},"loc":{"start":{"line":263,"column":2},"end":{"line":263,"column":null}},"line":263},"19":{"name":"(anonymous_19)","decl":{"start":{"line":281,"column":13},"end":{"line":281,"column":28}},"loc":{"start":{"line":282,"column":2},"end":{"line":285,"column":null}},"line":282},"20":{"name":"(anonymous_20)","decl":{"start":{"line":296,"column":13},"end":{"line":296,"column":37}},"loc":{"start":{"line":297,"column":2},"end":{"line":297,"column":null}},"line":297},"21":{"name":"(anonymous_21)","decl":{"start":{"line":299,"column":32},"end":{"line":299,"column":39}},"loc":{"start":{"line":299,"column":87},"end":{"line":312,"column":null}},"line":299},"22":{"name":"(anonymous_22)","decl":{"start":{"line":308,"column":36},"end":{"line":308,"column":48}},"loc":{"start":{"line":308,"column":48},"end":{"line":308,"column":52}},"line":308},"23":{"name":"(anonymous_23)","decl":{"start":{"line":314,"column":13},"end":{"line":314,"column":28}},"loc":{"start":{"line":315,"column":2},"end":{"line":315,"column":null}},"line":315},"24":{"name":"(anonymous_24)","decl":{"start":{"line":317,"column":13},"end":{"line":317,"column":25}},"loc":{"start":{"line":318,"column":2},"end":{"line":318,"column":null}},"line":318},"25":{"name":"(anonymous_25)","decl":{"start":{"line":320,"column":13},"end":{"line":320,"column":24}},"loc":{"start":{"line":321,"column":2},"end":{"line":321,"column":null}},"line":321},"26":{"name":"(anonymous_26)","decl":{"start":{"line":323,"column":13},"end":{"line":323,"column":30}},"loc":{"start":{"line":323,"column":30},"end":{"line":323,"column":null}},"line":323},"27":{"name":"(anonymous_27)","decl":{"start":{"line":325,"column":13},"end":{"line":325,"column":27}},"loc":{"start":{"line":326,"column":2},"end":{"line":326,"column":null}},"line":326},"28":{"name":"(anonymous_28)","decl":{"start":{"line":340,"column":13},"end":{"line":340,"column":27}},"loc":{"start":{"line":341,"column":2},"end":{"line":341,"column":null}},"line":341},"29":{"name":"(anonymous_29)","decl":{"start":{"line":343,"column":13},"end":{"line":343,"column":27}},"loc":{"start":{"line":344,"column":2},"end":{"line":344,"column":null}},"line":344},"30":{"name":"(anonymous_30)","decl":{"start":{"line":346,"column":13},"end":{"line":346,"column":40}},"loc":{"start":{"line":346,"column":40},"end":{"line":346,"column":null}},"line":346},"31":{"name":"(anonymous_31)","decl":{"start":{"line":348,"column":13},"end":{"line":348,"column":35}},"loc":{"start":{"line":348,"column":35},"end":{"line":348,"column":null}},"line":348},"32":{"name":"(anonymous_32)","decl":{"start":{"line":350,"column":13},"end":{"line":350,"column":32}},"loc":{"start":{"line":351,"column":2},"end":{"line":351,"column":null}},"line":351},"33":{"name":"(anonymous_33)","decl":{"start":{"line":353,"column":13},"end":{"line":353,"column":32}},"loc":{"start":{"line":354,"column":2},"end":{"line":354,"column":null}},"line":354},"34":{"name":"(anonymous_34)","decl":{"start":{"line":356,"column":13},"end":{"line":356,"column":34}},"loc":{"start":{"line":357,"column":2},"end":{"line":357,"column":null}},"line":357},"35":{"name":"(anonymous_35)","decl":{"start":{"line":359,"column":13},"end":{"line":359,"column":28}},"loc":{"start":{"line":360,"column":2},"end":{"line":363,"column":null}},"line":360},"36":{"name":"(anonymous_36)","decl":{"start":{"line":365,"column":13},"end":{"line":365,"column":28}},"loc":{"start":{"line":366,"column":2},"end":{"line":369,"column":null}},"line":366},"37":{"name":"(anonymous_37)","decl":{"start":{"line":371,"column":13},"end":{"line":371,"column":27}},"loc":{"start":{"line":372,"column":2},"end":{"line":375,"column":null}},"line":372},"38":{"name":"(anonymous_38)","decl":{"start":{"line":377,"column":13},"end":{"line":377,"column":37}},"loc":{"start":{"line":378,"column":2},"end":{"line":381,"column":null}},"line":378},"39":{"name":"(anonymous_39)","decl":{"start":{"line":383,"column":13},"end":{"line":383,"column":27}},"loc":{"start":{"line":384,"column":2},"end":{"line":387,"column":null}},"line":384},"40":{"name":"(anonymous_40)","decl":{"start":{"line":389,"column":13},"end":{"line":389,"column":28}},"loc":{"start":{"line":390,"column":2},"end":{"line":393,"column":null}},"line":390},"41":{"name":"(anonymous_41)","decl":{"start":{"line":411,"column":13},"end":{"line":411,"column":31}},"loc":{"start":{"line":412,"column":2},"end":{"line":412,"column":null}},"line":412},"42":{"name":"(anonymous_42)","decl":{"start":{"line":414,"column":13},"end":{"line":414,"column":33}},"loc":{"start":{"line":415,"column":2},"end":{"line":418,"column":null}},"line":415},"43":{"name":"(anonymous_43)","decl":{"start":{"line":420,"column":13},"end":{"line":420,"column":32}},"loc":{"start":{"line":421,"column":2},"end":{"line":421,"column":null}},"line":421},"44":{"name":"(anonymous_44)","decl":{"start":{"line":423,"column":13},"end":{"line":423,"column":33}},"loc":{"start":{"line":424,"column":2},"end":{"line":424,"column":null}},"line":424},"45":{"name":"(anonymous_45)","decl":{"start":{"line":445,"column":13},"end":{"line":445,"column":35}},"loc":{"start":{"line":446,"column":2},"end":{"line":449,"column":null}},"line":446},"46":{"name":"(anonymous_46)","decl":{"start":{"line":451,"column":13},"end":{"line":451,"column":40}},"loc":{"start":{"line":451,"column":40},"end":{"line":451,"column":null}},"line":451},"47":{"name":"(anonymous_47)","decl":{"start":{"line":453,"column":13},"end":{"line":453,"column":33}},"loc":{"start":{"line":454,"column":2},"end":{"line":454,"column":null}},"line":454},"48":{"name":"(anonymous_48)","decl":{"start":{"line":456,"column":13},"end":{"line":456,"column":35}},"loc":{"start":{"line":457,"column":2},"end":{"line":460,"column":null}},"line":457},"49":{"name":"(anonymous_49)","decl":{"start":{"line":462,"column":13},"end":{"line":462,"column":35}},"loc":{"start":{"line":463,"column":2},"end":{"line":466,"column":null}},"line":463},"50":{"name":"(anonymous_50)","decl":{"start":{"line":476,"column":13},"end":{"line":476,"column":35}},"loc":{"start":{"line":477,"column":2},"end":{"line":477,"column":null}},"line":477},"51":{"name":"(anonymous_51)","decl":{"start":{"line":479,"column":13},"end":{"line":479,"column":34}},"loc":{"start":{"line":480,"column":2},"end":{"line":483,"column":null}},"line":480},"52":{"name":"(anonymous_52)","decl":{"start":{"line":495,"column":13},"end":{"line":495,"column":32}},"loc":{"start":{"line":495,"column":122},"end":{"line":503,"column":null}},"line":495}},"branchMap":{"0":{"loc":{"start":{"line":4,"column":16},"end":{"line":4,"column":null}},"type":"binary-expr","locations":[{"start":{"line":4,"column":16},"end":{"line":4,"column":48}},{"start":{"line":4,"column":48},"end":{"line":4,"column":null}}],"line":4},"1":{"loc":{"start":{"line":47,"column":2},"end":{"line":47,"column":null}},"type":"cond-expr","locations":[{"start":{"line":47,"column":28},"end":{"line":47,"column":43}},{"start":{"line":47,"column":43},"end":{"line":47,"column":null}}],"line":47},"2":{"loc":{"start":{"line":114,"column":2},"end":{"line":114,"column":null}},"type":"binary-expr","locations":[{"start":{"line":114,"column":2},"end":{"line":114,"column":12}},{"start":{"line":114,"column":12},"end":{"line":114,"column":37}},{"start":{"line":114,"column":37},"end":{"line":114,"column":null}}],"line":114},"3":{"loc":{"start":{"line":161,"column":10},"end":{"line":161,"column":null}},"type":"cond-expr","locations":[{"start":{"line":161,"column":18},"end":{"line":161,"column":57}},{"start":{"line":161,"column":57},"end":{"line":161,"column":null}}],"line":161},"4":{"loc":{"start":{"line":165,"column":2},"end":{"line":168,"column":null}},"type":"if","locations":[{"start":{"line":165,"column":2},"end":{"line":168,"column":null}},{"start":{},"end":{}}],"line":165},"5":{"loc":{"start":{"line":167,"column":20},"end":{"line":167,"column":77}},"type":"binary-expr","locations":[{"start":{"line":167,"column":20},"end":{"line":167,"column":38}},{"start":{"line":167,"column":38},"end":{"line":167,"column":77}}],"line":167},"6":{"loc":{"start":{"line":169,"column":2},"end":{"line":169,"column":null}},"type":"if","locations":[{"start":{"line":169,"column":2},"end":{"line":169,"column":null}},{"start":{},"end":{}}],"line":169},"7":{"loc":{"start":{"line":207,"column":30},"end":{"line":207,"column":65}},"type":"cond-expr","locations":[{"start":{"line":207,"column":39},"end":{"line":207,"column":61}},{"start":{"line":207,"column":61},"end":{"line":207,"column":65}}],"line":207},"8":{"loc":{"start":{"line":263,"column":42},"end":{"line":263,"column":77}},"type":"cond-expr","locations":[{"start":{"line":263,"column":51},"end":{"line":263,"column":73}},{"start":{"line":263,"column":73},"end":{"line":263,"column":77}}],"line":263},"9":{"loc":{"start":{"line":307,"column":2},"end":{"line":310,"column":null}},"type":"if","locations":[{"start":{"line":307,"column":2},"end":{"line":310,"column":null}},{"start":{},"end":{}}],"line":307},"10":{"loc":{"start":{"line":309,"column":20},"end":{"line":309,"column":76}},"type":"binary-expr","locations":[{"start":{"line":309,"column":20},"end":{"line":309,"column":38}},{"start":{"line":309,"column":38},"end":{"line":309,"column":76}}],"line":309},"11":{"loc":{"start":{"line":318,"column":28},"end":{"line":318,"column":82}},"type":"cond-expr","locations":[{"start":{"line":318,"column":43},"end":{"line":318,"column":78}},{"start":{"line":318,"column":78},"end":{"line":318,"column":82}}],"line":318},"12":{"loc":{"start":{"line":386,"column":25},"end":{"line":386,"column":38}},"type":"binary-expr","locations":[{"start":{"line":386,"column":25},"end":{"line":386,"column":36}},{"start":{"line":386,"column":36},"end":{"line":386,"column":38}}],"line":386},"13":{"loc":{"start":{"line":392,"column":25},"end":{"line":392,"column":38}},"type":"binary-expr","locations":[{"start":{"line":392,"column":25},"end":{"line":392,"column":36}},{"start":{"line":392,"column":36},"end":{"line":392,"column":38}}],"line":392},"14":{"loc":{"start":{"line":412,"column":40},"end":{"line":412,"column":94}},"type":"cond-expr","locations":[{"start":{"line":412,"column":55},"end":{"line":412,"column":90}},{"start":{"line":412,"column":90},"end":{"line":412,"column":94}}],"line":412},"15":{"loc":{"start":{"line":454,"column":45},"end":{"line":454,"column":99}},"type":"cond-expr","locations":[{"start":{"line":454,"column":60},"end":{"line":454,"column":95}},{"start":{"line":454,"column":95},"end":{"line":454,"column":99}}],"line":454},"16":{"loc":{"start":{"line":497,"column":2},"end":{"line":497,"column":null}},"type":"if","locations":[{"start":{"line":497,"column":2},"end":{"line":497,"column":null}},{"start":{},"end":{}}],"line":497},"17":{"loc":{"start":{"line":498,"column":2},"end":{"line":498,"column":null}},"type":"if","locations":[{"start":{"line":498,"column":2},"end":{"line":498,"column":null}},{"start":{},"end":{}}],"line":498},"18":{"loc":{"start":{"line":499,"column":2},"end":{"line":499,"column":null}},"type":"if","locations":[{"start":{"line":499,"column":2},"end":{"line":499,"column":null}},{"start":{},"end":{}}],"line":499},"19":{"loc":{"start":{"line":500,"column":2},"end":{"line":500,"column":null}},"type":"if","locations":[{"start":{"line":500,"column":2},"end":{"line":500,"column":null}},{"start":{},"end":{}}],"line":500},"20":{"loc":{"start":{"line":502,"column":50},"end":{"line":502,"column":70}},"type":"cond-expr","locations":[{"start":{"line":502,"column":55},"end":{"line":502,"column":66}},{"start":{"line":502,"column":66},"end":{"line":502,"column":70}}],"line":502}},"s":{"0":4,"1":4,"2":4,"3":4,"4":0,"5":4,"6":4,"7":4,"8":0,"9":4,"10":4,"11":4,"12":0,"13":2,"14":2,"15":2,"16":0,"17":0,"18":0,"19":2,"20":0,"21":2,"22":4,"23":2,"24":4,"25":0,"26":4,"27":0,"28":4,"29":0,"30":4,"31":0,"32":4,"33":0,"34":4,"35":0,"36":0,"37":4,"38":0,"39":4,"40":0,"41":4,"42":0,"43":4,"44":0,"45":4,"46":0,"47":4,"48":0,"49":4,"50":0,"51":4,"52":0,"53":4,"54":0,"55":0,"56":0,"57":0,"58":0,"59":0,"60":0,"61":0,"62":4,"63":0,"64":4,"65":0,"66":4,"67":0,"68":4,"69":0,"70":4,"71":0,"72":4,"73":0,"74":4,"75":0,"76":4,"77":0,"78":4,"79":0,"80":4,"81":0,"82":4,"83":0,"84":4,"85":0,"86":4,"87":0,"88":4,"89":0,"90":4,"91":0,"92":4,"93":0,"94":4,"95":0,"96":4,"97":0,"98":4,"99":0,"100":4,"101":0,"102":4,"103":0,"104":4,"105":0,"106":4,"107":0,"108":4,"109":0,"110":4,"111":0,"112":4,"113":0,"114":4,"115":0,"116":4,"117":0,"118":4,"119":0,"120":4,"121":0,"122":0,"123":0,"124":0,"125":0,"126":0,"127":0,"128":0,"129":0,"130":0,"131":0},"f":{"0":0,"1":0,"2":0,"3":2,"4":0,"5":2,"6":0,"7":0,"8":0,"9":0,"10":0,"11":0,"12":0,"13":0,"14":0,"15":0,"16":0,"17":0,"18":0,"19":0,"20":0,"21":0,"22":0,"23":0,"24":0,"25":0,"26":0,"27":0,"28":0,"29":0,"30":0,"31":0,"32":0,"33":0,"34":0,"35":0,"36":0,"37":0,"38":0,"39":0,"40":0,"41":0,"42":0,"43":0,"44":0,"45":0,"46":0,"47":0,"48":0,"49":0,"50":0,"51":0,"52":0},"b":{"0":[4,0],"1":[0,0],"2":[0,0,0],"3":[1,1],"4":[0,2],"5":[0,0],"6":[0,2],"7":[0,0],"8":[0,0],"9":[0,0],"10":[0,0],"11":[0,0],"12":[0,0],"13":[0,0],"14":[0,0],"15":[0,0],"16":[0,0],"17":[0,0],"18":[0,0],"19":[0,0],"20":[0,0]},"meta":{"lastBranch":21,"lastFunction":53,"lastStatement":132,"seen":{"s:4:16:4:Infinity":0,"b:4:16:4:48:4:48:4:Infinity":0,"s:8:58:14:Infinity":1,"s:20:49:22:Infinity":2,"s:28:13:29:Infinity":3,"f:28:13:28:26":0,"s:29:2:29:Infinity":4,"s:34:21:43:Infinity":5,"s:44:32:44:Infinity":6,"s:46:13:47:Infinity":7,"f:46:13:46:31":1,"s:47:2:47:Infinity":8,"b:47:28:47:43:47:43:47:Infinity":1,"s:49:57:54:Infinity":9,"s:56:68:60:Infinity":10,"s:113:13:114:Infinity":11,"f:113:13:113:30":2,"s:114:2:114:Infinity":12,"b:114:2:114:12:114:12:114:37:114:37:114:Infinity":2,"f:155:15:155:26":3,"s:156:16:156:25":13,"s:157:14:164:Infinity":14,"b:161:18:161:57:161:57:161:Infinity":3,"b:165:2:168:Infinity:undefined:undefined:undefined:undefined":4,"s:165:2:168:Infinity":15,"s:166:19:166:Infinity":16,"f:166:36:166:48":4,"s:166:48:166:52":17,"s:167:4:167:Infinity":18,"b:167:20:167:38:167:38:167:77":5,"b:169:2:169:Infinity:undefined:undefined:undefined:undefined":6,"s:169:2:169:Infinity":19,"s:169:26:169:Infinity":20,"s:170:2:170:Infinity":21,"s:173:13:173:Infinity":22,"f:173:13:173:30":5,"s:173:30:173:Infinity":23,"s:175:13:179:Infinity":24,"f:175:13:175:41":6,"s:176:2:179:Infinity":25,"s:187:13:193:Infinity":26,"f:187:13:187:29":7,"s:193:6:193:Infinity":27,"s:195:13:196:Infinity":28,"f:195:13:195:22":8,"s:196:2:196:Infinity":29,"s:198:13:198:Infinity":30,"f:198:13:198:27":9,"s:198:27:198:Infinity":31,"s:200:13:201:Infinity":32,"f:200:13:200:31":10,"s:201:2:201:Infinity":33,"s:203:13:204:Infinity":34,"f:203:13:203:Infinity":11,"s:204:2:204:Infinity":35,"f:204:67:204:79":12,"s:204:79:204:83":36,"s:206:13:207:Infinity":37,"f:206:13:206:26":13,"s:207:2:207:Infinity":38,"b:207:39:207:61:207:61:207:65":7,"s:215:13:216:Infinity":39,"f:215:13:215:37":14,"s:216:2:216:Infinity":40,"s:234:13:235:Infinity":41,"f:234:13:234:28":15,"s:235:2:235:Infinity":42,"s:244:13:245:Infinity":43,"f:244:13:244:36":16,"s:245:2:245:Infinity":44,"s:247:13:248:Infinity":45,"f:247:13:247:31":17,"s:248:2:248:Infinity":46,"s:262:13:263:Infinity":47,"f:262:13:262:32":18,"s:263:2:263:Infinity":48,"b:263:51:263:73:263:73:263:77":8,"s:281:13:285:Infinity":49,"f:281:13:281:28":19,"s:282:2:285:Infinity":50,"s:296:13:297:Infinity":51,"f:296:13:296:37":20,"s:297:2:297:Infinity":52,"s:299:32:312:Infinity":53,"f:299:32:299:39":21,"s:300:19:300:Infinity":54,"s:301:2:301:Infinity":55,"s:302:14:306:Infinity":56,"b:307:2:310:Infinity:undefined:undefined:undefined:undefined":9,"s:307:2:310:Infinity":57,"s:308:19:308:Infinity":58,"f:308:36:308:48":22,"s:308:48:308:52":59,"s:309:4:309:Infinity":60,"b:309:20:309:38:309:38:309:76":10,"s:311:2:311:Infinity":61,"s:314:13:315:Infinity":62,"f:314:13:314:28":23,"s:315:2:315:Infinity":63,"s:317:13:318:Infinity":64,"f:317:13:317:25":24,"s:318:2:318:Infinity":65,"b:318:43:318:78:318:78:318:82":11,"s:320:13:321:Infinity":66,"f:320:13:320:24":25,"s:321:2:321:Infinity":67,"s:323:13:323:Infinity":68,"f:323:13:323:30":26,"s:323:30:323:Infinity":69,"s:325:13:326:Infinity":70,"f:325:13:325:27":27,"s:326:2:326:Infinity":71,"s:340:13:341:Infinity":72,"f:340:13:340:27":28,"s:341:2:341:Infinity":73,"s:343:13:344:Infinity":74,"f:343:13:343:27":29,"s:344:2:344:Infinity":75,"s:346:13:346:Infinity":76,"f:346:13:346:40":30,"s:346:40:346:Infinity":77,"s:348:13:348:Infinity":78,"f:348:13:348:35":31,"s:348:35:348:Infinity":79,"s:350:13:351:Infinity":80,"f:350:13:350:32":32,"s:351:2:351:Infinity":81,"s:353:13:354:Infinity":82,"f:353:13:353:32":33,"s:354:2:354:Infinity":83,"s:356:13:357:Infinity":84,"f:356:13:356:34":34,"s:357:2:357:Infinity":85,"s:359:13:363:Infinity":86,"f:359:13:359:28":35,"s:360:2:363:Infinity":87,"s:365:13:369:Infinity":88,"f:365:13:365:28":36,"s:366:2:369:Infinity":89,"s:371:13:375:Infinity":90,"f:371:13:371:27":37,"s:372:2:375:Infinity":91,"s:377:13:381:Infinity":92,"f:377:13:377:37":38,"s:378:2:381:Infinity":93,"s:383:13:387:Infinity":94,"f:383:13:383:27":39,"s:384:2:387:Infinity":95,"b:386:25:386:36:386:36:386:38":12,"s:389:13:393:Infinity":96,"f:389:13:389:28":40,"s:390:2:393:Infinity":97,"b:392:25:392:36:392:36:392:38":13,"s:411:13:412:Infinity":98,"f:411:13:411:31":41,"s:412:2:412:Infinity":99,"b:412:55:412:90:412:90:412:94":14,"s:414:13:418:Infinity":100,"f:414:13:414:33":42,"s:415:2:418:Infinity":101,"s:420:13:421:Infinity":102,"f:420:13:420:32":43,"s:421:2:421:Infinity":103,"s:423:13:424:Infinity":104,"f:423:13:423:33":44,"s:424:2:424:Infinity":105,"s:445:13:449:Infinity":106,"f:445:13:445:35":45,"s:446:2:449:Infinity":107,"s:451:13:451:Infinity":108,"f:451:13:451:40":46,"s:451:40:451:Infinity":109,"s:453:13:454:Infinity":110,"f:453:13:453:33":47,"s:454:2:454:Infinity":111,"b:454:60:454:95:454:95:454:99":15,"s:456:13:460:Infinity":112,"f:456:13:456:35":48,"s:457:2:460:Infinity":113,"s:462:13:466:Infinity":114,"f:462:13:462:35":49,"s:463:2:466:Infinity":115,"s:476:13:477:Infinity":116,"f:476:13:476:35":50,"s:477:2:477:Infinity":117,"s:479:13:483:Infinity":118,"f:479:13:479:34":51,"s:480:2:483:Infinity":119,"s:495:13:503:Infinity":120,"f:495:13:495:32":52,"s:496:16:496:Infinity":121,"b:497:2:497:Infinity:undefined:undefined:undefined:undefined":16,"s:497:2:497:Infinity":122,"s:497:27:497:Infinity":123,"b:498:2:498:Infinity:undefined:undefined:undefined:undefined":17,"s:498:2:498:Infinity":124,"s:498:24:498:Infinity":125,"b:499:2:499:Infinity:undefined:undefined:undefined:undefined":18,"s:499:2:499:Infinity":126,"s:499:21:499:Infinity":127,"b:500:2:500:Infinity:undefined:undefined:undefined:undefined":19,"s:500:2:500:Infinity":128,"s:500:22:500:Infinity":129,"s:501:13:501:Infinity":130,"s:502:2:502:Infinity":131,"b:502:55:502:66:502:66:502:70":20},"fnNames":{}}}
,"/Users/sebas/Downloads/Sistema de Inventario/frontend/src/auth.ts": {"path":"/Users/sebas/Downloads/Sistema de Inventario/frontend/src/auth.ts","statementMap":{"0":{"start":{"line":1,"column":20},"end":{"line":1,"column":null}},"1":{"start":{"line":3,"column":13},"end":{"line":3,"column":null}},"2":{"start":{"line":3,"column":41},"end":{"line":3,"column":null}},"3":{"start":{"line":5,"column":13},"end":{"line":7,"column":null}},"4":{"start":{"line":6,"column":2},"end":{"line":6,"column":null}},"5":{"start":{"line":9,"column":13},"end":{"line":11,"column":null}},"6":{"start":{"line":10,"column":2},"end":{"line":10,"column":null}}},"fnMap":{"0":{"name":"(anonymous_0)","decl":{"start":{"line":3,"column":13},"end":{"line":3,"column":41}},"loc":{"start":{"line":3,"column":41},"end":{"line":3,"column":null}},"line":3},"1":{"name":"(anonymous_1)","decl":{"start":{"line":5,"column":13},"end":{"line":5,"column":28}},"loc":{"start":{"line":5,"column":52},"end":{"line":7,"column":null}},"line":5},"2":{"name":"(anonymous_2)","decl":{"start":{"line":9,"column":13},"end":{"line":9,"column":41}},"loc":{"start":{"line":9,"column":41},"end":{"line":11,"column":null}},"line":9}},"branchMap":{"0":{"loc":{"start":{"line":3,"column":41},"end":{"line":3,"column":null}},"type":"binary-expr","locations":[{"start":{"line":3,"column":41},"end":{"line":3,"column":80}},{"start":{"line":3,"column":80},"end":{"line":3,"column":null}}],"line":3}},"s":{"0":4,"1":4,"2":2,"3":4,"4":0,"5":4,"6":0},"f":{"0":2,"1":0,"2":0},"b":{"0":[2,2]},"meta":{"lastBranch":1,"lastFunction":3,"lastStatement":7,"seen":{"s:1:20:1:Infinity":0,"s:3:13:3:Infinity":1,"f:3:13:3:41":0,"s:3:41:3:Infinity":2,"b:3:41:3:80:3:80:3:Infinity":0,"s:5:13:7:Infinity":3,"f:5:13:5:28":1,"s:6:2:6:Infinity":4,"s:9:13:11:Infinity":5,"f:9:13:9:41":2,"s:10:2:10:Infinity":6},"fnNames":{}}}
,"/Users/sebas/Downloads/Sistema de Inventario/frontend/src/index.css": {"path":"/Users/sebas/Downloads/Sistema de Inventario/frontend/src/index.css","statementMap":{},"fnMap":{},"branchMap":{},"s":{},"f":{},"b":{},"meta":{"lastBranch":0,"lastFunction":0,"lastStatement":0,"seen":{},"fnNames":{}}}
,"/Users/sebas/Downloads/Sistema de Inventario/frontend/src/moduleContext.tsx": {"path":"/Users/sebas/Downloads/Sistema de Inventario/frontend/src/moduleContext.tsx","statementMap":{"0":{"start":{"line":4,"column":20},"end":{"line":4,"column":null}},"1":{"start":{"line":11,"column":22},"end":{"line":11,"column":null}},"2":{"start":{"line":13,"column":6},"end":{"line":13,"column":null}},"3":{"start":{"line":13,"column":33},"end":{"line":13,"column":null}},"4":{"start":{"line":15,"column":13},"end":{"line":24,"column":null}},"5":{"start":{"line":16,"column":35},"end":{"line":16,"column":null}},"6":{"start":{"line":18,"column":8},"end":{"line":21,"column":null}},"7":{"start":{"line":19,"column":4},"end":{"line":19,"column":null}},"8":{"start":{"line":20,"column":4},"end":{"line":20,"column":null}},"9":{"start":{"line":23,"column":2},"end":{"line":23,"column":null}},"10":{"start":{"line":26,"column":13},"end":{"line":30,"column":null}},"11":{"start":{"line":27,"column":14},"end":{"line":27,"column":null}},"12":{"start":{"line":28,"column":2},"end":{"line":28,"column":null}},"13":{"start":{"line":28,"column":12},"end":{"line":28,"column":null}},"14":{"start":{"line":29,"column":2},"end":{"line":29,"column":null}}},"fnMap":{"0":{"name":"(anonymous_0)","decl":{"start":{"line":13,"column":6},"end":{"line":13,"column":33}},"loc":{"start":{"line":13,"column":33},"end":{"line":13,"column":null}},"line":13},"1":{"name":"(anonymous_1)","decl":{"start":{"line":15,"column":13},"end":{"line":15,"column":31}},"loc":{"start":{"line":15,"column":73},"end":{"line":24,"column":null}},"line":15},"2":{"name":"(anonymous_2)","decl":{"start":{"line":18,"column":8},"end":{"line":18,"column":21}},"loc":{"start":{"line":18,"column":38},"end":{"line":21,"column":null}},"line":18},"3":{"name":"(anonymous_3)","decl":{"start":{"line":26,"column":13},"end":{"line":26,"column":51}},"loc":{"start":{"line":26,"column":51},"end":{"line":30,"column":null}},"line":26}},"branchMap":{"0":{"loc":{"start":{"line":13,"column":33},"end":{"line":13,"column":null}},"type":"binary-expr","locations":[{"start":{"line":13,"column":33},"end":{"line":13,"column":72}},{"start":{"line":13,"column":72},"end":{"line":13,"column":null}}],"line":13},"1":{"loc":{"start":{"line":28,"column":2},"end":{"line":28,"column":null}},"type":"if","locations":[{"start":{"line":28,"column":2},"end":{"line":28,"column":null}},{"start":{},"end":{}}],"line":28}},"s":{"0":1,"1":1,"2":1,"3":0,"4":1,"5":0,"6":0,"7":0,"8":0,"9":0,"10":1,"11":0,"12":0,"13":0,"14":0},"f":{"0":0,"1":0,"2":0,"3":0},"b":{"0":[0,0],"1":[0,0]},"meta":{"lastBranch":2,"lastFunction":4,"lastStatement":15,"seen":{"s:4:20:4:Infinity":0,"s:11:22:11:Infinity":1,"s:13:6:13:Infinity":2,"f:13:6:13:33":0,"s:13:33:13:Infinity":3,"b:13:33:13:72:13:72:13:Infinity":0,"s:15:13:24:Infinity":4,"f:15:13:15:31":1,"s:16:35:16:Infinity":5,"s:18:8:21:Infinity":6,"f:18:8:18:21":2,"s:19:4:19:Infinity":7,"s:20:4:20:Infinity":8,"s:23:2:23:Infinity":9,"s:26:13:30:Infinity":10,"f:26:13:26:51":3,"s:27:14:27:Infinity":11,"b:28:2:28:Infinity:undefined:undefined:undefined:undefined":1,"s:28:2:28:Infinity":12,"s:28:12:28:Infinity":13,"s:29:2:29:Infinity":14},"fnNames":{}}}
,"/Users/sebas/Downloads/Sistema de Inventario/frontend/src/session.ts": {"path":"/Users/sebas/Downloads/Sistema de Inventario/frontend/src/session.ts","statementMap":{"0":{"start":{"line":1,"column":18},"end":{"line":1,"column":null}},"1":{"start":{"line":7,"column":13},"end":{"line":7,"column":null}},"2":{"start":{"line":7,"column":45},"end":{"line":7,"column":null}},"3":{"start":{"line":9,"column":13},"end":{"line":11,"column":null}},"4":{"start":{"line":10,"column":2},"end":{"line":10,"column":null}},"5":{"start":{"line":13,"column":13},"end":{"line":15,"column":null}},"6":{"start":{"line":14,"column":2},"end":{"line":14,"column":null}}},"fnMap":{"0":{"name":"(anonymous_0)","decl":{"start":{"line":7,"column":13},"end":{"line":7,"column":45}},"loc":{"start":{"line":7,"column":45},"end":{"line":7,"column":null}},"line":7},"1":{"name":"(anonymous_1)","decl":{"start":{"line":9,"column":13},"end":{"line":9,"column":25}},"loc":{"start":{"line":9,"column":49},"end":{"line":11,"column":null}},"line":9},"2":{"name":"(anonymous_2)","decl":{"start":{"line":13,"column":13},"end":{"line":13,"column":38}},"loc":{"start":{"line":13,"column":38},"end":{"line":15,"column":null}},"line":13}},"branchMap":{},"s":{"0":4,"1":4,"2":2,"3":4,"4":0,"5":4,"6":0},"f":{"0":2,"1":0,"2":0},"b":{},"meta":{"lastBranch":0,"lastFunction":3,"lastStatement":7,"seen":{"s:1:18:1:Infinity":0,"s:7:13:7:Infinity":1,"f:7:13:7:45":0,"s:7:45:7:Infinity":2,"s:9:13:11:Infinity":3,"f:9:13:9:25":1,"s:10:2:10:Infinity":4,"s:13:13:15:Infinity":5,"f:13:13:13:38":2,"s:14:2:14:Infinity":6},"fnNames":{}}}
,"/Users/sebas/Downloads/Sistema de Inventario/frontend/src/warehouseContext.tsx": {"path":"/Users/sebas/Downloads/Sistema de Inventario/frontend/src/warehouseContext.tsx","statementMap":{"0":{"start":{"line":11,"column":25},"end":{"line":11,"column":null}},"1":{"start":{"line":13,"column":13},"end":{"line":34,"column":null}},"2":{"start":{"line":14,"column":38},"end":{"line":14,"column":null}},"3":{"start":{"line":15,"column":32},"end":{"line":15,"column":null}},"4":{"start":{"line":17,"column":8},"end":{"line":23,"column":null}},"5":{"start":{"line":18,"column":4},"end":{"line":18,"column":null}},"6":{"start":{"line":19,"column":4},"end":{"line":22,"column":null}},"7":{"start":{"line":22,"column":21},"end":{"line":22,"column":38}},"8":{"start":{"line":25,"column":2},"end":{"line":25,"column":null}},"9":{"start":{"line":27,"column":17},"end":{"line":27,"column":null}},"10":{"start":{"line":27,"column":58},"end":{"line":27,"column":73}},"11":{"start":{"line":29,"column":2},"end":{"line":32,"column":null}},"12":{"start":{"line":36,"column":13},"end":{"line":40,"column":null}},"13":{"start":{"line":37,"column":14},"end":{"line":37,"column":null}},"14":{"start":{"line":38,"column":2},"end":{"line":38,"column":null}},"15":{"start":{"line":38,"column":12},"end":{"line":38,"column":null}},"16":{"start":{"line":39,"column":2},"end":{"line":39,"column":null}}},"fnMap":{"0":{"name":"(anonymous_0)","decl":{"start":{"line":13,"column":13},"end":{"line":13,"column":34}},"loc":{"start":{"line":13,"column":76},"end":{"line":34,"column":null}},"line":13},"1":{"name":"(anonymous_1)","decl":{"start":{"line":17,"column":8},"end":{"line":17,"column":21}},"loc":{"start":{"line":17,"column":21},"end":{"line":23,"column":null}},"line":17},"2":{"name":"(anonymous_2)","decl":{"start":{"line":21,"column":7},"end":{"line":21,"column":19}},"loc":{"start":{"line":21,"column":19},"end":{"line":21,"column":21}},"line":21},"3":{"name":"(anonymous_3)","decl":{"start":{"line":22,"column":7},"end":{"line":22,"column":21}},"loc":{"start":{"line":22,"column":21},"end":{"line":22,"column":38}},"line":22},"4":{"name":"(anonymous_4)","decl":{"start":{"line":27,"column":47},"end":{"line":27,"column":52}},"loc":{"start":{"line":27,"column":58},"end":{"line":27,"column":73}},"line":27},"5":{"name":"(anonymous_5)","decl":{"start":{"line":36,"column":13},"end":{"line":36,"column":58}},"loc":{"start":{"line":36,"column":58},"end":{"line":40,"column":null}},"line":36}},"branchMap":{"0":{"loc":{"start":{"line":38,"column":2},"end":{"line":38,"column":null}},"type":"if","locations":[{"start":{"line":38,"column":2},"end":{"line":38,"column":null}},{"start":{},"end":{}}],"line":38}},"s":{"0":2,"1":2,"2":0,"3":0,"4":0,"5":0,"6":0,"7":0,"8":0,"9":0,"10":0,"11":0,"12":2,"13":0,"14":0,"15":0,"16":0},"f":{"0":0,"1":0,"2":0,"3":0,"4":0,"5":0},"b":{"0":[0,0]},"meta":{"lastBranch":1,"lastFunction":6,"lastStatement":17,"seen":{"s:11:25:11:Infinity":0,"s:13:13:34:Infinity":1,"f:13:13:13:34":0,"s:14:38:14:Infinity":2,"s:15:32:15:Infinity":3,"s:17:8:23:Infinity":4,"f:17:8:17:21":1,"s:18:4:18:Infinity":5,"s:19:4:22:Infinity":6,"f:21:7:21:19":2,"f:22:7:22:21":3,"s:22:21:22:38":7,"s:25:2:25:Infinity":8,"s:27:17:27:Infinity":9,"f:27:47:27:52":4,"s:27:58:27:73":10,"s:29:2:32:Infinity":11,"s:36:13:40:Infinity":12,"f:36:13:36:58":5,"s:37:14:37:Infinity":13,"b:38:2:38:Infinity:undefined:undefined:undefined:undefined":0,"s:38:2:38:Infinity":14,"s:38:12:38:Infinity":15,"s:39:2:39:Infinity":16},"fnNames":{}}}
,"/Users/sebas/Downloads/Sistema de Inventario/frontend/src/assets/logo_elite_nova.png": {"path":"/Users/sebas/Downloads/Sistema de Inventario/frontend/src/assets/logo_elite_nova.png","statementMap":{},"fnMap":{},"branchMap":{},"s":{},"f":{},"b":{},"meta":{"lastBranch":0,"lastFunction":0,"lastStatement":0,"seen":{},"fnNames":{}}}
,"/Users/sebas/Downloads/Sistema de Inventario/frontend/src/components/AssetEditModal.tsx": {"path":"/Users/sebas/Downloads/Sistema de Inventario/frontend/src/components/AssetEditModal.tsx","statementMap":{"0":{"start":{"line":14,"column":6},"end":{"line":389,"column":null}},"1":{"start":{"line":15,"column":25},"end":{"line":15,"column":39}},"2":{"start":{"line":16,"column":26},"end":{"line":32,"column":null}},"3":{"start":{"line":33,"column":28},"end":{"line":33,"column":null}},"4":{"start":{"line":34,"column":44},"end":{"line":34,"column":null}},"5":{"start":{"line":35,"column":30},"end":{"line":35,"column":null}},"6":{"start":{"line":36,"column":28},"end":{"line":36,"column":null}},"7":{"start":{"line":37,"column":42},"end":{"line":37,"column":null}},"8":{"start":{"line":39,"column":2},"end":{"line":41,"column":null}},"9":{"start":{"line":40,"column":4},"end":{"line":40,"column":null}},"10":{"start":{"line":40,"column":69},"end":{"line":40,"column":90}},"11":{"start":{"line":43,"column":8},"end":{"line":43,"column":null}},"12":{"start":{"line":43,"column":59},"end":{"line":43,"column":null}},"13":{"start":{"line":45,"column":8},"end":{"line":45,"column":null}},"14":{"start":{"line":45,"column":29},"end":{"line":45,"column":null}},"15":{"start":{"line":45,"column":43},"end":{"line":45,"column":99}},"16":{"start":{"line":46,"column":8},"end":{"line":50,"column":null}},"17":{"start":{"line":47,"column":16},"end":{"line":47,"column":null}},"18":{"start":{"line":48,"column":4},"end":{"line":48,"column":null}},"19":{"start":{"line":49,"column":4},"end":{"line":49,"column":null}},"20":{"start":{"line":49,"column":18},"end":{"line":49,"column":45}},"21":{"start":{"line":51,"column":8},"end":{"line":56,"column":null}},"22":{"start":{"line":52,"column":16},"end":{"line":52,"column":null}},"23":{"start":{"line":53,"column":4},"end":{"line":53,"column":null}},"24":{"start":{"line":54,"column":4},"end":{"line":54,"column":null}},"25":{"start":{"line":55,"column":4},"end":{"line":55,"column":null}},"26":{"start":{"line":55,"column":18},"end":{"line":55,"column":45}},"27":{"start":{"line":57,"column":8},"end":{"line":61,"column":null}},"28":{"start":{"line":58,"column":16},"end":{"line":58,"column":null}},"29":{"start":{"line":59,"column":4},"end":{"line":59,"column":null}},"30":{"start":{"line":60,"column":4},"end":{"line":60,"column":null}},"31":{"start":{"line":60,"column":18},"end":{"line":60,"column":45}},"32":{"start":{"line":63,"column":23},"end":{"line":101,"column":null}},"33":{"start":{"line":64,"column":4},"end":{"line":64,"column":null}},"34":{"start":{"line":65,"column":4},"end":{"line":65,"column":null}},"35":{"start":{"line":66,"column":4},"end":{"line":66,"column":null}},"36":{"start":{"line":67,"column":4},"end":{"line":100,"column":null}},"37":{"start":{"line":68,"column":18},"end":{"line":80,"column":null}},"38":{"start":{"line":81,"column":6},"end":{"line":93,"column":null}},"39":{"start":{"line":82,"column":20},"end":{"line":82,"column":null}},"40":{"start":{"line":83,"column":26},"end":{"line":83,"column":null}},"41":{"start":{"line":84,"column":21},"end":{"line":84,"column":null}},"42":{"start":{"line":85,"column":21},"end":{"line":85,"column":null}},"43":{"start":{"line":86,"column":16},"end":{"line":86,"column":null}},"44":{"start":{"line":87,"column":22},"end":{"line":87,"column":null}},"45":{"start":{"line":88,"column":8},"end":{"line":90,"column":null}},"46":{"start":{"line":89,"column":10},"end":{"line":89,"column":null}},"47":{"start":{"line":91,"column":21},"end":{"line":91,"column":null}},"48":{"start":{"line":92,"column":8},"end":{"line":92,"column":null}},"49":{"start":{"line":94,"column":6},"end":{"line":94,"column":null}},"50":{"start":{"line":95,"column":6},"end":{"line":95,"column":null}},"51":{"start":{"line":97,"column":6},"end":{"line":97,"column":null}},"52":{"start":{"line":99,"column":6},"end":{"line":99,"column":null}},"53":{"start":{"line":103,"column":8},"end":{"line":175,"column":null}},"54":{"start":{"line":104,"column":19},"end":{"line":104,"column":null}},"55":{"start":{"line":105,"column":20},"end":{"line":107,"column":null}},"56":{"start":{"line":108,"column":19},"end":{"line":108,"column":null}},"57":{"start":{"line":110,"column":24},"end":{"line":110,"column":null}},"58":{"start":{"line":111,"column":4},"end":{"line":174,"column":null}},"59":{"start":{"line":112,"column":6},"end":{"line":172,"column":null}},"60":{"start":{"line":173,"column":6},"end":{"line":173,"column":null}},"61":{"start":{"line":179,"column":4},"end":{"line":385,"column":null}},"62":{"start":{"line":195,"column":85},"end":{"line":195,"column":124}},"63":{"start":{"line":200,"column":85},"end":{"line":200,"column":125}},"64":{"start":{"line":206,"column":83},"end":{"line":206,"column":null}},"65":{"start":{"line":208,"column":18},"end":{"line":208,"column":null}},"66":{"start":{"line":214,"column":83},"end":{"line":214,"column":null}},"67":{"start":{"line":216,"column":18},"end":{"line":216,"column":null}},"68":{"start":{"line":225,"column":91},"end":{"line":225,"column":null}},"69":{"start":{"line":227,"column":18},"end":{"line":227,"column":null}},"70":{"start":{"line":233,"column":81},"end":{"line":233,"column":null}},"71":{"start":{"line":239,"column":18},"end":{"line":239,"column":null}},"72":{"start":{"line":248,"column":92},"end":{"line":248,"column":137}},"73":{"start":{"line":255,"column":112},"end":{"line":255,"column":155}},"74":{"start":{"line":259,"column":101},"end":{"line":259,"column":143}},"75":{"start":{"line":292,"column":14},"end":{"line":311,"column":null}},"76":{"start":{"line":297,"column":33},"end":{"line":297,"column":null}},"77":{"start":{"line":304,"column":33},"end":{"line":304,"column":null}},"78":{"start":{"line":308,"column":138},"end":{"line":308,"column":158}},"79":{"start":{"line":318,"column":98},"end":{"line":318,"column":139}},"80":{"start":{"line":331,"column":33},"end":{"line":331,"column":null}},"81":{"start":{"line":338,"column":80},"end":{"line":338,"column":96}},"82":{"start":{"line":368,"column":25},"end":{"line":368,"column":null}},"83":{"start":{"line":379,"column":30},"end":{"line":379,"column":51}},"84":{"start":{"line":379,"column":51},"end":{"line":379,"column":76}},"85":{"start":{"line":388,"column":2},"end":{"line":388,"column":null}}},"fnMap":{"0":{"name":"(anonymous_0)","decl":{"start":{"line":14,"column":6},"end":{"line":14,"column":24}},"loc":{"start":{"line":14,"column":77},"end":{"line":389,"column":null}},"line":14},"1":{"name":"(anonymous_1)","decl":{"start":{"line":39,"column":2},"end":{"line":39,"column":18}},"loc":{"start":{"line":39,"column":18},"end":{"line":41,"column":5}},"line":39},"2":{"name":"(anonymous_2)","decl":{"start":{"line":40,"column":57},"end":{"line":40,"column":69}},"loc":{"start":{"line":40,"column":69},"end":{"line":40,"column":90}},"line":40},"3":{"name":"(anonymous_3)","decl":{"start":{"line":43,"column":8},"end":{"line":43,"column":18}},"loc":{"start":{"line":43,"column":59},"end":{"line":43,"column":null}},"line":43},"4":{"name":"(anonymous_4)","decl":{"start":{"line":45,"column":8},"end":{"line":45,"column":29}},"loc":{"start":{"line":45,"column":29},"end":{"line":45,"column":null}},"line":45},"5":{"name":"(anonymous_5)","decl":{"start":{"line":45,"column":29},"end":{"line":45,"column":37}},"loc":{"start":{"line":45,"column":43},"end":{"line":45,"column":99}},"line":45},"6":{"name":"(anonymous_6)","decl":{"start":{"line":46,"column":8},"end":{"line":46,"column":31}},"loc":{"start":{"line":46,"column":62},"end":{"line":50,"column":null}},"line":46},"7":{"name":"(anonymous_7)","decl":{"start":{"line":49,"column":4},"end":{"line":49,"column":12}},"loc":{"start":{"line":49,"column":18},"end":{"line":49,"column":45}},"line":49},"8":{"name":"(anonymous_8)","decl":{"start":{"line":51,"column":8},"end":{"line":51,"column":33}},"loc":{"start":{"line":51,"column":65},"end":{"line":56,"column":null}},"line":51},"9":{"name":"(anonymous_9)","decl":{"start":{"line":55,"column":4},"end":{"line":55,"column":12}},"loc":{"start":{"line":55,"column":18},"end":{"line":55,"column":45}},"line":55},"10":{"name":"(anonymous_10)","decl":{"start":{"line":57,"column":8},"end":{"line":57,"column":27}},"loc":{"start":{"line":57,"column":45},"end":{"line":61,"column":null}},"line":57},"11":{"name":"(anonymous_11)","decl":{"start":{"line":60,"column":4},"end":{"line":60,"column":12}},"loc":{"start":{"line":60,"column":18},"end":{"line":60,"column":45}},"line":60},"12":{"name":"(anonymous_12)","decl":{"start":{"line":63,"column":23},"end":{"line":63,"column":30}},"loc":{"start":{"line":63,"column":47},"end":{"line":101,"column":null}},"line":63},"13":{"name":"(anonymous_13)","decl":{"start":{"line":103,"column":8},"end":{"line":103,"column":30}},"loc":{"start":{"line":103,"column":30},"end":{"line":175,"column":null}},"line":103},"14":{"name":"(anonymous_14)","decl":{"start":{"line":195,"column":68},"end":{"line":195,"column":79}},"loc":{"start":{"line":195,"column":85},"end":{"line":195,"column":124}},"line":195},"15":{"name":"(anonymous_15)","decl":{"start":{"line":200,"column":68},"end":{"line":200,"column":79}},"loc":{"start":{"line":200,"column":85},"end":{"line":200,"column":125}},"line":200},"16":{"name":"(anonymous_16)","decl":{"start":{"line":206,"column":66},"end":{"line":206,"column":77}},"loc":{"start":{"line":206,"column":83},"end":{"line":206,"column":null}},"line":206},"17":{"name":"(anonymous_17)","decl":{"start":{"line":207,"column":63},"end":{"line":207,"column":68}},"loc":{"start":{"line":208,"column":18},"end":{"line":208,"column":null}},"line":208},"18":{"name":"(anonymous_18)","decl":{"start":{"line":214,"column":66},"end":{"line":214,"column":77}},"loc":{"start":{"line":214,"column":83},"end":{"line":214,"column":null}},"line":214},"19":{"name":"(anonymous_19)","decl":{"start":{"line":215,"column":28},"end":{"line":215,"column":33}},"loc":{"start":{"line":216,"column":18},"end":{"line":216,"column":null}},"line":216},"20":{"name":"(anonymous_20)","decl":{"start":{"line":225,"column":74},"end":{"line":225,"column":85}},"loc":{"start":{"line":225,"column":91},"end":{"line":225,"column":null}},"line":225},"21":{"name":"(anonymous_21)","decl":{"start":{"line":226,"column":73},"end":{"line":226,"column":78}},"loc":{"start":{"line":227,"column":18},"end":{"line":227,"column":null}},"line":227},"22":{"name":"(anonymous_22)","decl":{"start":{"line":233,"column":64},"end":{"line":233,"column":75}},"loc":{"start":{"line":233,"column":81},"end":{"line":233,"column":null}},"line":233},"23":{"name":"(anonymous_23)","decl":{"start":{"line":238,"column":45},"end":{"line":238,"column":50}},"loc":{"start":{"line":239,"column":18},"end":{"line":239,"column":null}},"line":239},"24":{"name":"(anonymous_24)","decl":{"start":{"line":248,"column":75},"end":{"line":248,"column":86}},"loc":{"start":{"line":248,"column":92},"end":{"line":248,"column":137}},"line":248},"25":{"name":"(anonymous_25)","decl":{"start":{"line":255,"column":95},"end":{"line":255,"column":106}},"loc":{"start":{"line":255,"column":112},"end":{"line":255,"column":155}},"line":255},"26":{"name":"(anonymous_26)","decl":{"start":{"line":259,"column":84},"end":{"line":259,"column":95}},"loc":{"start":{"line":259,"column":101},"end":{"line":259,"column":143}},"line":259},"27":{"name":"(anonymous_27)","decl":{"start":{"line":291,"column":30},"end":{"line":291,"column":35}},"loc":{"start":{"line":292,"column":14},"end":{"line":311,"column":null}},"line":292},"28":{"name":"(anonymous_28)","decl":{"start":{"line":297,"column":18},"end":{"line":297,"column":28}},"loc":{"start":{"line":297,"column":33},"end":{"line":297,"column":null}},"line":297},"29":{"name":"(anonymous_29)","decl":{"start":{"line":304,"column":18},"end":{"line":304,"column":28}},"loc":{"start":{"line":304,"column":33},"end":{"line":304,"column":null}},"line":304},"30":{"name":"(anonymous_30)","decl":{"start":{"line":308,"column":123},"end":{"line":308,"column":138}},"loc":{"start":{"line":308,"column":138},"end":{"line":308,"column":158}},"line":308},"31":{"name":"(anonymous_31)","decl":{"start":{"line":318,"column":81},"end":{"line":318,"column":92}},"loc":{"start":{"line":318,"column":98},"end":{"line":318,"column":139}},"line":318},"32":{"name":"(anonymous_32)","decl":{"start":{"line":331,"column":18},"end":{"line":331,"column":33}},"loc":{"start":{"line":331,"column":33},"end":{"line":331,"column":null}},"line":331},"33":{"name":"(anonymous_33)","decl":{"start":{"line":338,"column":64},"end":{"line":338,"column":80}},"loc":{"start":{"line":338,"column":80},"end":{"line":338,"column":96}},"line":338},"34":{"name":"(anonymous_34)","decl":{"start":{"line":368,"column":10},"end":{"line":368,"column":25}},"loc":{"start":{"line":368,"column":25},"end":{"line":368,"column":null}},"line":368},"35":{"name":"(anonymous_35)","decl":{"start":{"line":379,"column":12},"end":{"line":379,"column":22}},"loc":{"start":{"line":379,"column":28},"end":{"line":379,"column":null}},"line":379}},"branchMap":{"0":{"loc":{"start":{"line":17,"column":17},"end":{"line":17,"column":null}},"type":"binary-expr","locations":[{"start":{"line":17,"column":17},"end":{"line":17,"column":38}},{"start":{"line":17,"column":38},"end":{"line":17,"column":null}}],"line":17},"1":{"loc":{"start":{"line":18,"column":17},"end":{"line":18,"column":null}},"type":"binary-expr","locations":[{"start":{"line":18,"column":17},"end":{"line":18,"column":38}},{"start":{"line":18,"column":38},"end":{"line":18,"column":null}}],"line":18},"2":{"loc":{"start":{"line":23,"column":12},"end":{"line":23,"column":null}},"type":"cond-expr","locations":[{"start":{"line":23,"column":54},"end":{"line":23,"column":68}},{"start":{"line":23,"column":68},"end":{"line":23,"column":null}}],"line":23},"3":{"loc":{"start":{"line":25,"column":10},"end":{"line":25,"column":null}},"type":"binary-expr","locations":[{"start":{"line":25,"column":10},"end":{"line":25,"column":24}},{"start":{"line":25,"column":24},"end":{"line":25,"column":null}}],"line":25},"4":{"loc":{"start":{"line":26,"column":22},"end":{"line":26,"column":null}},"type":"binary-expr","locations":[{"start":{"line":26,"column":22},"end":{"line":26,"column":48}},{"start":{"line":26,"column":48},"end":{"line":26,"column":null}}],"line":26},"5":{"loc":{"start":{"line":27,"column":20},"end":{"line":27,"column":null}},"type":"binary-expr","locations":[{"start":{"line":27,"column":20},"end":{"line":27,"column":56}},{"start":{"line":27,"column":56},"end":{"line":27,"column":null}}],"line":27},"6":{"loc":{"start":{"line":28,"column":19},"end":{"line":28,"column":null}},"type":"cond-expr","locations":[{"start":{"line":28,"column":41},"end":{"line":28,"column":76}},{"start":{"line":28,"column":76},"end":{"line":28,"column":null}}],"line":28},"7":{"loc":{"start":{"line":29,"column":17},"end":{"line":29,"column":null}},"type":"cond-expr","locations":[{"start":{"line":29,"column":37},"end":{"line":29,"column":63}},{"start":{"line":29,"column":63},"end":{"line":29,"column":null}}],"line":29},"8":{"loc":{"start":{"line":30,"column":18},"end":{"line":30,"column":null}},"type":"binary-expr","locations":[{"start":{"line":30,"column":18},"end":{"line":30,"column":40}},{"start":{"line":30,"column":40},"end":{"line":30,"column":null}}],"line":30},"9":{"loc":{"start":{"line":54,"column":35},"end":{"line":54,"column":null}},"type":"binary-expr","locations":[{"start":{"line":54,"column":35},"end":{"line":54,"column":43}},{"start":{"line":54,"column":43},"end":{"line":54,"column":null}}],"line":54},"10":{"loc":{"start":{"line":73,"column":14},"end":{"line":73,"column":null}},"type":"binary-expr","locations":[{"start":{"line":73,"column":14},"end":{"line":73,"column":27}},{"start":{"line":73,"column":27},"end":{"line":73,"column":null}}],"line":73},"11":{"loc":{"start":{"line":74,"column":26},"end":{"line":74,"column":null}},"type":"binary-expr","locations":[{"start":{"line":74,"column":26},"end":{"line":74,"column":51}},{"start":{"line":74,"column":51},"end":{"line":74,"column":null}}],"line":74},"12":{"loc":{"start":{"line":75,"column":24},"end":{"line":75,"column":null}},"type":"cond-expr","locations":[{"start":{"line":75,"column":46},"end":{"line":75,"column":76}},{"start":{"line":75,"column":76},"end":{"line":75,"column":null}}],"line":75},"13":{"loc":{"start":{"line":76,"column":23},"end":{"line":76,"column":null}},"type":"cond-expr","locations":[{"start":{"line":76,"column":44},"end":{"line":76,"column":89}},{"start":{"line":76,"column":89},"end":{"line":76,"column":null}}],"line":76},"14":{"loc":{"start":{"line":78,"column":22},"end":{"line":78,"column":null}},"type":"binary-expr","locations":[{"start":{"line":78,"column":22},"end":{"line":78,"column":43}},{"start":{"line":78,"column":43},"end":{"line":78,"column":null}}],"line":78},"15":{"loc":{"start":{"line":81,"column":6},"end":{"line":93,"column":null}},"type":"if","locations":[{"start":{"line":81,"column":6},"end":{"line":93,"column":null}},{"start":{},"end":{}}],"line":81},"16":{"loc":{"start":{"line":84,"column":21},"end":{"line":84,"column":null}},"type":"cond-expr","locations":[{"start":{"line":84,"column":33},"end":{"line":84,"column":48}},{"start":{"line":84,"column":48},"end":{"line":84,"column":null}}],"line":84},"17":{"loc":{"start":{"line":97,"column":15},"end":{"line":97,"column":63}},"type":"cond-expr","locations":[{"start":{"line":97,"column":38},"end":{"line":97,"column":52}},{"start":{"line":97,"column":52},"end":{"line":97,"column":63}}],"line":97},"18":{"loc":{"start":{"line":105,"column":20},"end":{"line":107,"column":null}},"type":"cond-expr","locations":[{"start":{"line":106,"column":8},"end":{"line":106,"column":null}},{"start":{"line":107,"column":8},"end":{"line":107,"column":null}}],"line":105},"19":{"loc":{"start":{"line":108,"column":19},"end":{"line":108,"column":null}},"type":"cond-expr","locations":[{"start":{"line":108,"column":28},"end":{"line":108,"column":40}},{"start":{"line":108,"column":40},"end":{"line":108,"column":null}}],"line":108},"20":{"loc":{"start":{"line":111,"column":4},"end":{"line":174,"column":null}},"type":"if","locations":[{"start":{"line":111,"column":4},"end":{"line":174,"column":null}},{"start":{},"end":{}}],"line":111},"21":{"loc":{"start":{"line":235,"column":17},"end":{"line":236,"column":null}},"type":"binary-expr","locations":[{"start":{"line":235,"column":17},"end":{"line":235,"column":30}},{"start":{"line":235,"column":30},"end":{"line":235,"column":null}},{"start":{"line":236,"column":18},"end":{"line":236,"column":null}}],"line":235},"22":{"loc":{"start":{"line":264,"column":88},"end":{"line":264,"column":151}},"type":"cond-expr","locations":[{"start":{"line":264,"column":105},"end":{"line":264,"column":139}},{"start":{"line":264,"column":139},"end":{"line":264,"column":151}}],"line":264},"23":{"loc":{"start":{"line":265,"column":13},"end":{"line":269,"column":null}},"type":"binary-expr","locations":[{"start":{"line":265,"column":13},"end":{"line":265,"column":37}},{"start":{"line":265,"column":37},"end":{"line":265,"column":null}},{"start":{"line":266,"column":14},"end":{"line":269,"column":null}}],"line":265},"24":{"loc":{"start":{"line":273,"column":15},"end":{"line":279,"column":null}},"type":"cond-expr","locations":[{"start":{"line":274,"column":16},"end":{"line":279,"column":17}},{"start":{"line":279,"column":16},"end":{"line":279,"column":null}}],"line":273},"25":{"loc":{"start":{"line":279,"column":23},"end":{"line":279,"column":89}},"type":"binary-expr","locations":[{"start":{"line":279,"column":23},"end":{"line":279,"column":47}},{"start":{"line":279,"column":47},"end":{"line":279,"column":89}}],"line":279},"26":{"loc":{"start":{"line":303,"column":25},"end":{"line":303,"column":null}},"type":"binary-expr","locations":[{"start":{"line":303,"column":25},"end":{"line":303,"column":50}},{"start":{"line":303,"column":50},"end":{"line":303,"column":null}}],"line":303},"27":{"loc":{"start":{"line":313,"column":13},"end":{"line":313,"column":null}},"type":"binary-expr","locations":[{"start":{"line":313,"column":13},"end":{"line":313,"column":46}},{"start":{"line":313,"column":46},"end":{"line":313,"column":null}}],"line":313},"28":{"loc":{"start":{"line":325,"column":14},"end":{"line":335,"column":null}},"type":"binary-expr","locations":[{"start":{"line":325,"column":14},"end":{"line":325,"column":23}},{"start":{"line":325,"column":23},"end":{"line":325,"column":null}},{"start":{"line":326,"column":14},"end":{"line":335,"column":null}}],"line":325},"29":{"loc":{"start":{"line":328,"column":23},"end":{"line":328,"column":null}},"type":"binary-expr","locations":[{"start":{"line":328,"column":23},"end":{"line":328,"column":32}},{"start":{"line":328,"column":32},"end":{"line":328,"column":51}},{"start":{"line":328,"column":51},"end":{"line":328,"column":null}}],"line":328},"30":{"loc":{"start":{"line":329,"column":23},"end":{"line":329,"column":null}},"type":"binary-expr","locations":[{"start":{"line":329,"column":23},"end":{"line":329,"column":44}},{"start":{"line":329,"column":44},"end":{"line":329,"column":null}}],"line":329},"31":{"loc":{"start":{"line":342,"column":11},"end":{"line":352,"column":null}},"type":"binary-expr","locations":[{"start":{"line":342,"column":11},"end":{"line":342,"column":null}},{"start":{"line":343,"column":12},"end":{"line":352,"column":null}}],"line":342},"32":{"loc":{"start":{"line":355,"column":11},"end":{"line":355,"column":null}},"type":"binary-expr","locations":[{"start":{"line":355,"column":11},"end":{"line":355,"column":20}},{"start":{"line":355,"column":20},"end":{"line":355,"column":null}}],"line":355},"33":{"loc":{"start":{"line":360,"column":15},"end":{"line":360,"column":null}},"type":"cond-expr","locations":[{"start":{"line":360,"column":24},"end":{"line":360,"column":41}},{"start":{"line":360,"column":41},"end":{"line":360,"column":null}}],"line":360},"34":{"loc":{"start":{"line":365,"column":7},"end":{"line":385,"column":null}},"type":"binary-expr","locations":[{"start":{"line":365,"column":7},"end":{"line":365,"column":25}},{"start":{"line":365,"column":25},"end":{"line":365,"column":34}},{"start":{"line":365,"column":34},"end":{"line":365,"column":null}},{"start":{"line":366,"column":8},"end":{"line":385,"column":null}}],"line":365},"35":{"loc":{"start":{"line":371,"column":17},"end":{"line":371,"column":null}},"type":"binary-expr","locations":[{"start":{"line":371,"column":17},"end":{"line":371,"column":26}},{"start":{"line":371,"column":26},"end":{"line":371,"column":45}},{"start":{"line":371,"column":45},"end":{"line":371,"column":null}}],"line":371}},"s":{"0":2,"1":0,"2":0,"3":0,"4":0,"5":0,"6":0,"7":0,"8":0,"9":0,"10":0,"11":0,"12":0,"13":0,"14":0,"15":0,"16":0,"17":0,"18":0,"19":0,"20":0,"21":0,"22":0,"23":0,"24":0,"25":0,"26":0,"27":0,"28":0,"29":0,"30":0,"31":0,"32":0,"33":0,"34":0,"35":0,"36":0,"37":0,"38":0,"39":0,"40":0,"41":0,"42":0,"43":0,"44":0,"45":0,"46":0,"47":0,"48":0,"49":0,"50":0,"51":0,"52":0,"53":0,"54":0,"55":0,"56":0,"57":0,"58":0,"59":0,"60":0,"61":0,"62":0,"63":0,"64":0,"65":0,"66":0,"67":0,"68":0,"69":0,"70":0,"71":0,"72":0,"73":0,"74":0,"75":0,"76":0,"77":0,"78":0,"79":0,"80":0,"81":0,"82":0,"83":0,"84":0,"85":0},"f":{"0":0,"1":0,"2":0,"3":0,"4":0,"5":0,"6":0,"7":0,"8":0,"9":0,"10":0,"11":0,"12":0,"13":0,"14":0,"15":0,"16":0,"17":0,"18":0,"19":0,"20":0,"21":0,"22":0,"23":0,"24":0,"25":0,"26":0,"27":0,"28":0,"29":0,"30":0,"31":0,"32":0,"33":0,"34":0,"35":0},"b":{"0":[0,0],"1":[0,0],"2":[0,0],"3":[0,0],"4":[0,0],"5":[0,0],"6":[0,0],"7":[0,0],"8":[0,0],"9":[0,0],"10":[0,0],"11":[0,0],"12":[0,0],"13":[0,0],"14":[0,0],"15":[0,0],"16":[0,0],"17":[0,0],"18":[0,0],"19":[0,0],"20":[0,0],"21":[0,0,0],"22":[0,0],"23":[0,0,0],"24":[0,0],"25":[0,0],"26":[0,0],"27":[0,0],"28":[0,0,0],"29":[0,0,0],"30":[0,0],"31":[0,0],"32":[0,0],"33":[0,0],"34":[0,0,0,0],"35":[0,0,0]},"meta":{"lastBranch":36,"lastFunction":36,"lastStatement":86,"seen":{"s:14:6:389:Infinity":0,"f:14:6:14:24":0,"s:15:25:15:39":1,"s:16:26:32:Infinity":2,"b:17:17:17:38:17:38:17:Infinity":0,"b:18:17:18:38:18:38:18:Infinity":1,"b:23:54:23:68:23:68:23:Infinity":2,"b:25:10:25:24:25:24:25:Infinity":3,"b:26:22:26:48:26:48:26:Infinity":4,"b:27:20:27:56:27:56:27:Infinity":5,"b:28:41:28:76:28:76:28:Infinity":6,"b:29:37:29:63:29:63:29:Infinity":7,"b:30:18:30:40:30:40:30:Infinity":8,"s:33:28:33:Infinity":3,"s:34:44:34:Infinity":4,"s:35:30:35:Infinity":5,"s:36:28:36:Infinity":6,"s:37:42:37:Infinity":7,"s:39:2:41:Infinity":8,"f:39:2:39:18":1,"s:40:4:40:Infinity":9,"f:40:57:40:69":2,"s:40:69:40:90":10,"s:43:8:43:Infinity":11,"f:43:8:43:18":3,"s:43:59:43:Infinity":12,"s:45:8:45:Infinity":13,"f:45:8:45:29":4,"s:45:29:45:Infinity":14,"f:45:29:45:37":5,"s:45:43:45:99":15,"s:46:8:50:Infinity":16,"f:46:8:46:31":6,"s:47:16:47:Infinity":17,"s:48:4:48:Infinity":18,"s:49:4:49:Infinity":19,"f:49:4:49:12":7,"s:49:18:49:45":20,"s:51:8:56:Infinity":21,"f:51:8:51:33":8,"s:52:16:52:Infinity":22,"s:53:4:53:Infinity":23,"s:54:4:54:Infinity":24,"b:54:35:54:43:54:43:54:Infinity":9,"s:55:4:55:Infinity":25,"f:55:4:55:12":9,"s:55:18:55:45":26,"s:57:8:61:Infinity":27,"f:57:8:57:27":10,"s:58:16:58:Infinity":28,"s:59:4:59:Infinity":29,"s:60:4:60:Infinity":30,"f:60:4:60:12":11,"s:60:18:60:45":31,"s:63:23:101:Infinity":32,"f:63:23:63:30":12,"s:64:4:64:Infinity":33,"s:65:4:65:Infinity":34,"s:66:4:66:Infinity":35,"s:67:4:100:Infinity":36,"s:68:18:80:Infinity":37,"b:73:14:73:27:73:27:73:Infinity":10,"b:74:26:74:51:74:51:74:Infinity":11,"b:75:46:75:76:75:76:75:Infinity":12,"b:76:44:76:89:76:89:76:Infinity":13,"b:78:22:78:43:78:43:78:Infinity":14,"b:81:6:93:Infinity:undefined:undefined:undefined:undefined":15,"s:81:6:93:Infinity":38,"s:82:20:82:Infinity":39,"s:83:26:83:Infinity":40,"s:84:21:84:Infinity":41,"b:84:33:84:48:84:48:84:Infinity":16,"s:85:21:85:Infinity":42,"s:86:16:86:Infinity":43,"s:87:22:87:Infinity":44,"s:88:8:90:Infinity":45,"s:89:10:89:Infinity":46,"s:91:21:91:Infinity":47,"s:92:8:92:Infinity":48,"s:94:6:94:Infinity":49,"s:95:6:95:Infinity":50,"s:97:6:97:Infinity":51,"b:97:38:97:52:97:52:97:63":17,"s:99:6:99:Infinity":52,"s:103:8:175:Infinity":53,"f:103:8:103:30":13,"s:104:19:104:Infinity":54,"s:105:20:107:Infinity":55,"b:106:8:106:Infinity:107:8:107:Infinity":18,"s:108:19:108:Infinity":56,"b:108:28:108:40:108:40:108:Infinity":19,"s:110:24:110:Infinity":57,"b:111:4:174:Infinity:undefined:undefined:undefined:undefined":20,"s:111:4:174:Infinity":58,"s:112:6:172:Infinity":59,"s:173:6:173:Infinity":60,"s:179:4:385:Infinity":61,"f:195:68:195:79":14,"s:195:85:195:124":62,"f:200:68:200:79":15,"s:200:85:200:125":63,"f:206:66:206:77":16,"s:206:83:206:Infinity":64,"f:207:63:207:68":17,"s:208:18:208:Infinity":65,"f:214:66:214:77":18,"s:214:83:214:Infinity":66,"f:215:28:215:33":19,"s:216:18:216:Infinity":67,"f:225:74:225:85":20,"s:225:91:225:Infinity":68,"f:226:73:226:78":21,"s:227:18:227:Infinity":69,"f:233:64:233:75":22,"s:233:81:233:Infinity":70,"b:235:17:235:30:235:30:235:Infinity:236:18:236:Infinity":21,"f:238:45:238:50":23,"s:239:18:239:Infinity":71,"f:248:75:248:86":24,"s:248:92:248:137":72,"f:255:95:255:106":25,"s:255:112:255:155":73,"f:259:84:259:95":26,"s:259:101:259:143":74,"b:264:105:264:139:264:139:264:151":22,"b:265:13:265:37:265:37:265:Infinity:266:14:269:Infinity":23,"b:274:16:279:17:279:16:279:Infinity":24,"b:279:23:279:47:279:47:279:89":25,"f:291:30:291:35":27,"s:292:14:311:Infinity":75,"f:297:18:297:28":28,"s:297:33:297:Infinity":76,"b:303:25:303:50:303:50:303:Infinity":26,"f:304:18:304:28":29,"s:304:33:304:Infinity":77,"f:308:123:308:138":30,"s:308:138:308:158":78,"b:313:13:313:46:313:46:313:Infinity":27,"f:318:81:318:92":31,"s:318:98:318:139":79,"b:325:14:325:23:325:23:325:Infinity:326:14:335:Infinity":28,"b:328:23:328:32:328:32:328:51:328:51:328:Infinity":29,"b:329:23:329:44:329:44:329:Infinity":30,"f:331:18:331:33":32,"s:331:33:331:Infinity":80,"f:338:64:338:80":33,"s:338:80:338:96":81,"b:342:11:342:Infinity:343:12:352:Infinity":31,"b:355:11:355:20:355:20:355:Infinity":32,"b:360:24:360:41:360:41:360:Infinity":33,"b:365:7:365:25:365:25:365:34:365:34:365:Infinity:366:8:385:Infinity":34,"f:368:10:368:25":34,"s:368:25:368:Infinity":82,"b:371:17:371:26:371:26:371:45:371:45:371:Infinity":35,"f:379:12:379:22":35,"s:379:30:379:51":83,"s:379:51:379:76":84,"s:388:2:388:Infinity":85},"fnNames":{}}}
,"/Users/sebas/Downloads/Sistema de Inventario/frontend/src/components/AssetViewModal.tsx": {"path":"/Users/sebas/Downloads/Sistema de Inventario/frontend/src/components/AssetViewModal.tsx","statementMap":{"0":{"start":{"line":10,"column":2},"end":{"line":91,"column":null}},"1":{"start":{"line":37,"column":36},"end":{"line":37,"column":91}}},"fnMap":{"0":{"name":"AssetViewModal","decl":{"start":{"line":9,"column":24},"end":{"line":9,"column":39}},"loc":{"start":{"line":9,"column":80},"end":{"line":93,"column":null}},"line":9},"1":{"name":"(anonymous_1)","decl":{"start":{"line":37,"column":18},"end":{"line":37,"column":28}},"loc":{"start":{"line":37,"column":34},"end":{"line":37,"column":null}},"line":37}},"branchMap":{"0":{"loc":{"start":{"line":31,"column":15},"end":{"line":42,"column":null}},"type":"cond-expr","locations":[{"start":{"line":32,"column":16},"end":{"line":40,"column":17}},{"start":{"line":40,"column":16},"end":{"line":42,"column":null}}],"line":31},"1":{"loc":{"start":{"line":31,"column":15},"end":{"line":31,"column":null}},"type":"binary-expr","locations":[{"start":{"line":31,"column":15},"end":{"line":31,"column":34}},{"start":{"line":31,"column":34},"end":{"line":31,"column":null}}],"line":31},"2":{"loc":{"start":{"line":33,"column":23},"end":{"line":33,"column":null}},"type":"binary-expr","locations":[{"start":{"line":33,"column":23},"end":{"line":33,"column":42}},{"start":{"line":33,"column":42},"end":{"line":33,"column":null}}],"line":33},"3":{"loc":{"start":{"line":34,"column":23},"end":{"line":34,"column":null}},"type":"binary-expr","locations":[{"start":{"line":34,"column":23},"end":{"line":34,"column":44}},{"start":{"line":34,"column":44},"end":{"line":34,"column":null}}],"line":34},"4":{"loc":{"start":{"line":54,"column":44},"end":{"line":54,"column":76}},"type":"binary-expr","locations":[{"start":{"line":54,"column":44},"end":{"line":54,"column":65}},{"start":{"line":54,"column":65},"end":{"line":54,"column":76}}],"line":54},"5":{"loc":{"start":{"line":59,"column":44},"end":{"line":59,"column":76}},"type":"binary-expr","locations":[{"start":{"line":59,"column":44},"end":{"line":59,"column":65}},{"start":{"line":59,"column":65},"end":{"line":59,"column":76}}],"line":59},"6":{"loc":{"start":{"line":69,"column":44},"end":{"line":69,"column":106}},"type":"cond-expr","locations":[{"start":{"line":69,"column":61},"end":{"line":69,"column":95}},{"start":{"line":69,"column":95},"end":{"line":69,"column":106}}],"line":69},"7":{"loc":{"start":{"line":73,"column":44},"end":{"line":73,"column":69}},"type":"binary-expr","locations":[{"start":{"line":73,"column":44},"end":{"line":73,"column":58}},{"start":{"line":73,"column":58},"end":{"line":73,"column":69}}],"line":73},"8":{"loc":{"start":{"line":77,"column":44},"end":{"line":77,"column":81}},"type":"binary-expr","locations":[{"start":{"line":77,"column":44},"end":{"line":77,"column":70}},{"start":{"line":77,"column":70},"end":{"line":77,"column":81}}],"line":77},"9":{"loc":{"start":{"line":81,"column":15},"end":{"line":85,"column":null}},"type":"binary-expr","locations":[{"start":{"line":81,"column":15},"end":{"line":81,"column":null}},{"start":{"line":82,"column":16},"end":{"line":85,"column":null}}],"line":81}},"s":{"0":0,"1":0},"f":{"0":0,"1":0},"b":{"0":[0,0],"1":[0,0],"2":[0,0],"3":[0,0],"4":[0,0],"5":[0,0],"6":[0,0],"7":[0,0],"8":[0,0],"9":[0,0]},"meta":{"lastBranch":10,"lastFunction":2,"lastStatement":2,"seen":{"f:9:24:9:39":0,"s:10:2:91:Infinity":0,"b:32:16:40:17:40:16:42:Infinity":0,"b:31:15:31:34:31:34:31:Infinity":1,"b:33:23:33:42:33:42:33:Infinity":2,"b:34:23:34:44:34:44:34:Infinity":3,"f:37:18:37:28":1,"s:37:36:37:91":1,"b:54:44:54:65:54:65:54:76":4,"b:59:44:59:65:59:65:59:76":5,"b:69:61:69:95:69:95:69:106":6,"b:73:44:73:58:73:58:73:69":7,"b:77:44:77:70:77:70:77:81":8,"b:81:15:81:Infinity:82:16:85:Infinity":9},"fnNames":{}}}
,"/Users/sebas/Downloads/Sistema de Inventario/frontend/src/components/CameraCapture.tsx": {"path":"/Users/sebas/Downloads/Sistema de Inventario/frontend/src/components/CameraCapture.tsx","statementMap":{"0":{"start":{"line":13,"column":19},"end":{"line":13,"column":null}},"1":{"start":{"line":14,"column":30},"end":{"line":14,"column":null}},"2":{"start":{"line":15,"column":42},"end":{"line":15,"column":null}},"3":{"start":{"line":17,"column":22},"end":{"line":26,"column":null}},"4":{"start":{"line":18,"column":4},"end":{"line":25,"column":null}},"5":{"start":{"line":19,"column":26},"end":{"line":19,"column":null}},"6":{"start":{"line":20,"column":6},"end":{"line":20,"column":null}},"7":{"start":{"line":21,"column":6},"end":{"line":21,"column":null}},"8":{"start":{"line":23,"column":6},"end":{"line":23,"column":null}},"9":{"start":{"line":24,"column":6},"end":{"line":24,"column":null}},"10":{"start":{"line":28,"column":2},"end":{"line":32,"column":null}},"11":{"start":{"line":29,"column":4},"end":{"line":31,"column":null}},"12":{"start":{"line":30,"column":6},"end":{"line":30,"column":null}},"13":{"start":{"line":34,"column":8},"end":{"line":40,"column":null}},"14":{"start":{"line":35,"column":4},"end":{"line":39,"column":null}},"15":{"start":{"line":36,"column":6},"end":{"line":36,"column":null}},"16":{"start":{"line":36,"column":42},"end":{"line":36,"column":54}},"17":{"start":{"line":37,"column":6},"end":{"line":37,"column":null}},"18":{"start":{"line":38,"column":6},"end":{"line":38,"column":null}},"19":{"start":{"line":42,"column":8},"end":{"line":53,"column":null}},"20":{"start":{"line":43,"column":4},"end":{"line":43,"column":null}},"21":{"start":{"line":43,"column":27},"end":{"line":43,"column":null}},"22":{"start":{"line":44,"column":19},"end":{"line":44,"column":null}},"23":{"start":{"line":45,"column":4},"end":{"line":45,"column":null}},"24":{"start":{"line":46,"column":4},"end":{"line":46,"column":null}},"25":{"start":{"line":47,"column":16},"end":{"line":47,"column":null}},"26":{"start":{"line":48,"column":4},"end":{"line":52,"column":null}},"27":{"start":{"line":49,"column":6},"end":{"line":49,"column":null}},"28":{"start":{"line":50,"column":6},"end":{"line":50,"column":null}},"29":{"start":{"line":51,"column":6},"end":{"line":51,"column":null}},"30":{"start":{"line":55,"column":8},"end":{"line":58,"column":null}},"31":{"start":{"line":56,"column":4},"end":{"line":56,"column":null}},"32":{"start":{"line":57,"column":4},"end":{"line":57,"column":null}},"33":{"start":{"line":60,"column":2},"end":{"line":60,"column":null}},"34":{"start":{"line":60,"column":2},"end":{"line":60,"column":38}},"35":{"start":{"line":60,"column":24},"end":{"line":60,"column":38}},"36":{"start":{"line":62,"column":2},"end":{"line":85,"column":null}}},"fnMap":{"0":{"name":"CameraCapture","decl":{"start":{"line":12,"column":24},"end":{"line":12,"column":38}},"loc":{"start":{"line":12,"column":129},"end":{"line":87,"column":null}},"line":12},"1":{"name":"(anonymous_1)","decl":{"start":{"line":17,"column":22},"end":{"line":17,"column":34}},"loc":{"start":{"line":17,"column":34},"end":{"line":26,"column":null}},"line":17},"2":{"name":"(anonymous_2)","decl":{"start":{"line":28,"column":2},"end":{"line":28,"column":18}},"loc":{"start":{"line":28,"column":18},"end":{"line":32,"column":5}},"line":28},"3":{"name":"(anonymous_3)","decl":{"start":{"line":34,"column":8},"end":{"line":34,"column":27}},"loc":{"start":{"line":34,"column":27},"end":{"line":40,"column":null}},"line":34},"4":{"name":"(anonymous_4)","decl":{"start":{"line":36,"column":25},"end":{"line":36,"column":33}},"loc":{"start":{"line":36,"column":42},"end":{"line":36,"column":54}},"line":36},"5":{"name":"(anonymous_5)","de
[...]
Infinity":25,"b:43:41:43:65:43:65:43:Infinity":5,"s:44:8:44:Infinity":26,"s:45:8:45:Infinity":27,"s:50:8:63:Infinity":28,"f:50:8:50:16":6,"b:51:4:51:Infinity:undefined:undefined:undefined:undefined":6,"s:51:4:51:Infinity":29,"s:51:20:51:Infinity":30,"s:52:19:52:Infinity":31,"b:53:4:62:Infinity:undefined:undefined:undefined:undefined":7,"s:53:4:62:Infinity":32,"s:54:18:54:Infinity":33,"b:55:6:61:Infinity:undefined:undefined:undefined:undefined":8,"s:55:6:61:Infinity":34,"s:56:21:56:Infinity":35,"s:57:24:57:Infinity":36,"b:57:41:57:65:57:65:57:Infinity":9,"s:58:24:58:Infinity":37,"b:58:41:58:65:58:65:58:Infinity":10,"s:59:8:59:Infinity":38,"s:60:8:60:Infinity":39,"s:65:8:65:Infinity":40,"f:65:8:65:28":7,"s:65:28:65:Infinity":41,"s:67:28:79:Infinity":42,"f:67:28:67:40":8,"b:68:4:68:Infinity:undefined:undefined:undefined:undefined":11,"s:68:4:68:Infinity":43,"b:68:8:68:30:68:30:68:37":12,"s:68:37:68:Infinity":44,"s:69:28:69:Infinity":45,"s:71:10:71:Infinity":46,"b:71:30:71:56:71:56:71:58":13,"f:71:60:71:68":9,"s:71:77:71:99":47,"s:72:4:78:Infinity":48,"s:73:6:73:Infinity":49,"s:74:6:74:Infinity":50,"s:75:6:75:Infinity":51,"s:77:6:77:Infinity":52,"b:81:2:81:Infinity:undefined:undefined:undefined:undefined":14,"s:81:2:81:Infinity":53,"s:81:15:81:Infinity":54,"b:82:2:82:Infinity:undefined:undefined:undefined:undefined":15,"s:82:2:82:Infinity":55,"b:82:6:82:15:82:15:82:22":16,"s:82:22:82:Infinity":56,"b:82:83:82:92:82:92:82:122":17,"s:84:23:84:Infinity":57,"b:84:23:84:56:84:56:84:Infinity":18,"s:85:27:85:Infinity":58,"s:87:2:278:Infinity":59,"b:90:9:90:Infinity:91:10:93:Infinity":19,"b:109:18:111:19:111:18:111:Infinity":20,"b:121:16:123:17:123:16:125:Infinity":21,"b:158:49:158:Infinity:159:20:160:Infinity":22,"b:159:52:159:Infinity:160:20:160:Infinity":23,"b:170:18:192:19:192:18:194:Infinity":24,"b:169:17:169:43:169:43:169:Infinity":25,"f:171:44:171:49":10,"s:172:22:188:Infinity":60,"b:176:51:176:123:176:123:176:Infinity":26,"b:176:51:176:114:176:114:176:123":27,"f:176:78:176:83":11,"s:176:89:176:109":61,"b:176:123:176:149:176:149:176:Infinity":28,"f:177:26:177:37":12,"b:178:28:178:Infinity:undefined:undefined:undefined:undefined":29,"s:178:28:178:Infinity":62,"s:178:46:178:Infinity":63,"s:179:48:179:Infinity":64,"s:180:28:180:Infinity":65,"s:181:28:181:Infinity":66,"b:185:84:185:115:185:115:185:Infinity":30,"b:185:41:185:68:185:68:185:84":31,"b:186:85:186:120:186:120:186:Infinity":32,"b:186:38:186:61:186:61:186:85":33,"b:199:37:199:96:199:96:199:Infinity":34,"b:201:38:201:61:201:61:201:Infinity":35,"b:209:9:209:26:209:26:209:56:209:56:209:Infinity:210:10:214:Infinity":36,"b:217:9:217:26:217:26:217:56:217:56:217:Infinity:218:10:264:Infinity":37,"f:244:18:244:33":13,"s:245:35:245:Infinity":67,"b:246:20:249:Infinity:undefined:undefined:undefined:undefined":38,"s:246:20:249:Infinity":68,"s:247:34:247:Infinity":69,"b:248:22:248:Infinity:undefined:undefined:undefined:undefined":39,"s:248:22:248:Infinity":70,"s:248:31:248:Infinity":71,"b:268:9:268:26:268:26:268:Infinity:269:10:275:Infinity":40},"fnNames":{}}}
,"/Users/sebas/Downloads/Sistema de Inventario/frontend/src/pages/UnusedAssets.tsx": {"path":"/Users/sebas/Downloads/Sistema de Inventario/frontend/src/pages/UnusedAssets.tsx","statementMap":{"0":{"start":{"line":6,"column":6},"end":{"line":70,"column":null}},"1":{"start":{"line":7,"column":21},"end":{"line":7,"column":31}},"2":{"start":{"line":8,"column":30},"end":{"line":8,"column":null}},"3":{"start":{"line":9,"column":32},"end":{"line":9,"column":null}},"4":{"start":{"line":10,"column":28},"end":{"line":10,"column":null}},"5":{"start":{"line":12,"column":2},"end":{"line":18,"column":null}},"6":{"start":{"line":13,"column":4},"end":{"line":13,"column":null}},"7":{"start":{"line":14,"column":4},"end":{"line":17,"column":null}},"8":{"start":{"line":16,"column":22},"end":{"line":16,"column":43}},"9":{"start":{"line":17,"column":21},"end":{"line":17,"column":38}},"10":{"start":{"line":20,"column":2},"end":{"line":68,"column":null}},"11":{"start":{"line":42,"column":12},"end":{"line":64,"column":null}}},"fnMap":{"0":{"name":"(anonymous_0)","decl":{"start":{"line":6,"column":6},"end":{"line":6,"column":27}},"loc":{"start":{"line":6,"column":27},"end":{"line":70,"column":null}},"line":6},"1":{"name":"(anonymous_1)","decl":{"start":{"line":12,"column":2},"end":{"line":12,"column":18}},"loc":{"start":{"line":12,"column":18},"end":{"line":18,"column":5}},"line":12},"2":{"name":"(anonymous_2)","decl":{"start":{"line":16,"column":7},"end":{"line":16,"column":14}},"loc":{"start":{"line":16,"column":22},"end":{"line":16,"column":43}},"line":16},"3":{"name":"(anonymous_3)","decl":{"start":{"line":17,"column":7},"end":{"line":17,"column":21}},"loc":{"start":{"line":17,"column":21},"end":{"line":17,"column":38}},"line":17},"4":{"name":"(anonymous_4)","decl":{"start":{"line":41,"column":18},"end":{"line":41,"column":23}},"loc":{"start":{"line":42,"column":12},"end":{"line":64,"column":null}},"line":42}},"branchMap":{"0":{"loc":{"start":{"line":31,"column":7},"end":{"line":68,"column":null}},"type":"cond-expr","locations":[{"start":{"line":32,"column":8},"end":{"line":33,"column":null}},{"start":{"line":33,"column":10},"end":{"line":68,"column":null}}],"line":31},"1":{"loc":{"start":{"line":33,"column":10},"end":{"line":68,"column":null}},"type":"cond-expr","locations":[{"start":{"line":34,"column":8},"end":{"line":35,"column":17}},{"start":{"line":35,"column":10},"end":{"line":68,"column":null}}],"line":33},"2":{"loc":{"start":{"line":35,"column":10},"end":{"line":68,"column":null}},"type":"cond-expr","locations":[{"start":{"line":36,"column":8},"end":{"line":40,"column":9}},{"start":{"line":40,"column":8},"end":{"line":68,"column":null}}],"line":35},"3":{"loc":{"start":{"line":50,"column":39},"end":{"line":50,"column":null}},"type":"binary-expr","locations":[{"start":{"line":50,"column":39},"end":{"line":50,"column":53}},{"start":{"line":50,"column":53},"end":{"line":50,"column":null}}],"line":50},"4":{"loc":{"start":{"line":55,"column":19},"end":{"line":55,"column":null}},"type":"cond-expr","locations":[{"start":{"line":55,"column":55},"end":{"line":55,"column":101}},{"start":{"line":55,"column":101},"end":{"line":55,"column":null}}],"line":55},"5":{"loc":{"start":{"line":57,"column":18},"end":{"line":63,"column":null}},"type":"binary-expr","locations":[{"start":{"line":57,"column":18},"end":{"line":57,"column":null}},{"start":{"line":58,"column":18},"end":{"line":63,"column":null}}],"line":57},"6":{"loc":{"start":{"line":57,"column":18},"end":{"line":57,"column":68}},"type":"binary-expr","locations":[{"start":{"line":57,"column":18},"end":{"line":57,"column":42}},{"start":{"line":57,"column":42},"end":{"line":57,"column":68}}],"line":57},"7":{"loc":{"start":{"line":59,"column":32},"end":{"line":59,"column":88}},"type":"binary-expr","locations":[{"start":{"line":59,"column":32},"end":{"line":59,"column":56}},{"start":{"line":59,"column":56},"end":{"line":59,"column":88}}],"line":59},"8":{"loc":{"start":{"line":60,"column":21},"end":{"line":60,"column":null}},"type":"binary-expr","locations":[{"start":{"line":60,"column":21},"end":{"line":60,"column":46}},{"start":{"line":60,"column":46},"end":{"line":60,"column":null}}],"line":60}},"s":{"0":1,"1":0,"2":0,"3":0,"4":0,"5":0,"6":0,"7":0,"8":0,"9":0,"10":0,"11":0},"f":{"0":0,"1":0,"2":0,"3":0,"4":0},"b":{"0":[0,0],"1":[0,0],"2":[0,0],"3":[0,0],"4":[0,0],"5":[0,0],"6":[0,0],"7":[0,0],"8":[0,0]},"meta":{"lastBranch":9,"lastFunction":5,"lastStatement":12,"seen":{"s:6:6:70:Infinity":0,"f:6:6:6:27":0,"s:7:21:7:31":1,"s:8:30:8:Infinity":2,"s:9:32:9:Infinity":3,"s:10:28:10:Infinity":4,"s:12:2:18:Infinity":5,"f:12:2:12:18":1,"s:13:4:13:Infinity":6,"s:14:4:17:Infinity":7,"f:16:7:16:14":2,"s:16:22:16:43":8,"f:17:7:17:21":3,"s:17:21:17:38":9,"s:20:2:68:Infinity":10,"b:32:8:33:Infinity:33:10:68:Infinity":0,"b:34:8:35:17:35:10:68:Infinity":1,"b:36:8:40:9:40:8:68:Infinity":2,"f:41:18:41:23":4,"s:42:12:64:Infinity":11,"b:50:39:50:53:50:53:50:Infinity":3,"b:55:55:55:101:55:101:55:Infinity":4,"b:57:18:57:Infinity:58:18:63:Infinity":5,"b:57:18:57:42:57:42:57:68":6,"b:59:32:59:56:59:56:59:88":7,"b:60:21:60:46:60:46:60:Infinity":8},"fnNames":{}}}
,"/Users/sebas/Downloads/Sistema de Inventario/frontend/src/pages/Users.tsx": {"path":"/Users/sebas/Downloads/Sistema de Inventario/frontend/src/pages/Users.tsx","statementMap":{"0":{"start":{"line":8,"column":6},"end":{"line":107,"column":null}},"1":{"start":{"line":9,"column":28},"end":{"line":9,"column":null}},"2":{"start":{"line":10,"column":32},"end":{"line":10,"column":null}},"3":{"start":{"line":11,"column":28},"end":{"line":11,"column":null}},"4":{"start":{"line":12,"column":40},"end":{"line":12,"column":null}},"5":{"start":{"line":13,"column":34},"end":{"line":13,"column":null}},"6":{"start":{"line":14,"column":38},"end":{"line":14,"column":null}},"7":{"start":{"line":16,"column":2},"end":{"line":18,"column":null}},"8":{"start":{"line":17,"column":4},"end":{"line":17,"column":null}},"9":{"start":{"line":17,"column":45},"end":{"line":17,"column":66}},"10":{"start":{"line":17,"column":82},"end":{"line":17,"column":99}},"11":{"start":{"line":20,"column":8},"end":{"line":27,"column":null}},"12":{"start":{"line":21,"column":4},"end":{"line":21,"column":null}},"13":{"start":{"line":21,"column":88},"end":{"line":21,"column":null}},"14":{"start":{"line":22,"column":4},"end":{"line":22,"column":null}},"15":{"start":{"line":23,"column":4},"end":{"line":26,"column":null}},"16":{"start":{"line":24,"column":18},"end":{"line":24,"column":71}},"17":{"start":{"line":24,"column":37},"end":{"line":24,"column":70}},"18":{"start":{"line":24,"column":56},"end":{"line":24,"column":69}},"19":{"start":{"line":25,"column":22},"end":{"line":25,"column":47}},"20":{"start":{"line":26,"column":21},"end":{"line":26,"column":40}},"21":{"start":{"line":29,"column":8},"end":{"line":37,"column":null}},"22":{"start":{"line":30,"column":4},"end":{"line":30,"column":null}},"23":{"start":{"line":30,"column":95},"end":{"line":30,"column":null}},"24":{"start":{"line":32,"column":4},"end":{"line":36,"column":null}},"25":{"start":{"line":34,"column":8},"end":{"line":34,"column":null}},"26":{"start":{"line":36,"column":22},"end":{"line":36,"column":47}},"27":{"start":{"line":39,"column":2},"end":{"line":105,"column":null}},"28":{"start":{"line":48,"column":59},"end":{"line":48,"column":null}},"29":{"start":{"line":60,"column":12},"end":{"line":86,"column":null}},"30":{"start":{"line":63,"column":98},"end":{"line":63,"column":104}},"31":{"start":{"line":69,"column":33},"end":{"line":69,"column":null}},"32":{"start":{"line":74,"column":94},"end":{"line":74,"column":113}},"33":{"start":{"line":81,"column":33},"end":{"line":81,"column":null}},"34":{"start":{"line":94,"column":25},"end":{"line":94,"column":null}},"35":{"start":{"line":95,"column":32},"end":{"line":95,"column":null}},"36":{"start":{"line":95,"column":57},"end":{"line":95,"column":91}},"37":{"start":{"line":101,"column":25},"end":{"line":101,"column":null}},"38":{"start":{"line":102,"column":34},"end":{"line":102,"column":null}}},"fnMap":{"0":{"name":"(anonymous_0)","decl":{"start":{"line":8,"column":6},"end":{"line":8,"column":20}},"loc":{"start":{"line":8,"column":20},"end":{"line":107,"column":null}},"line":8},"1":{"name":"(anonymous_1)","decl":{"start":{"line":16,"column":2},"end":{"line":16,"column":18}},"loc":{"start":{"line":16,"column":18},"end":{"line":18,"column":5}},"line":16},"2":{"name":"(anonymous_2)","decl":{"start":{"line":17,"column":30},"end":{"line":17,"column":37}},"loc":{"start":{"line":17,"column":45},"end":{"line":17,"column":66}},"line":17},"3":{"name":"(anonymous_3)","decl":{"start":{"line":17,"column":68},"end":{"line":17,"column":82}},"loc":{"start":{"line":17,"column":82},"end":{"line":17,"column":99}},"line":17},"4":{"name":"(anonymous_4)","decl":{"start":{"line":20,"column":8},"end":{"line":20,"column":24}},"loc":{"start":{"line":20,"column":36},"end":{"line":27,"column":null}},"line":20},"5":{"name":"(anonymous_5)","decl":{"start":{"line":24,"column":7},"end":{"line":24,"column":18}},"loc":{"start":{"line":24,"column":18},"end":{"line":24,"column":71}},"line":24},"6":{"name":"(anonymous_6)","decl":{"start":{"line":24,"column":18},"end":{"line":24,"column":28}},"loc":{"start":{"line":24,"column":37},"end":{"line":24,"column":70}},"line":24},"7":{"name":"(anonymous_7)","decl":{"start":{"line":24,"column":42},"end":{"line":24,"column":50}},"loc":{"start":{"line":24,"column":56},"end":{"line":24,"column":69}},"line":24},"8":{"name":"(anonymous_8)","decl":{"start":{"line":25,"column":7},"end":{"line":25,"column":14}},"loc":{"start":{"line":25,"column":22},"end":{"line":25,"column":47}},"line":25},"9":{"name":"(anonymous_9)","decl":{"start":{"line":26,"column":7},"end":{"line":26,"column":21}},"loc":{"start":{"line":26,"column":21},"end":{"line":26,"column":40}},"line":26},"10":{"name":"(anonymous_10)","decl":{"start":{"line":29,"column":8},"end":{"line":29,"column":31}},"loc":{"start":{"line":29,"column":43},"end":{"line":37,"column":null}},"line":29},"11":{"name":"(anonymous_11)","decl":{"start":{"line":33,"column":7},"end":{"line":33,"column":13}},"loc":{"start":{"line":33,"column":21},"end":{"line":35,"column":7}},"line":33},"12":{"name":"(anonymous_12)","decl":{"start":{"line":36,"column":7},"end":{"line":36,"column":14}},"loc":{"start":{"line":36,"column":22},"end":{"line":36,"column":47}},"line":36},"13":{"name":"(anonymous_13)","decl":{"start":{"line":48,"column":44},"end":{"line":48,"column":59}},"loc":{"start":{"line":48,"column":59},"end":{"line":48,"column":null}},"line":48},"14":{"name":"(anonymous_14)","decl":{"start":{"line":59,"column":17},"end":{"line":59,"column":22}},"loc":{"start":{"line":60,"column":12},"end":{"line":86,"column":null}},"line":60},"15":{"name":"(anonymous_15)","decl":{"start":{"line":63,"column":89},"end":{"line":63,"column":93}},"loc":{"start":{"line":63,"column":98},"end":{"line":63,"column":104}},"line":63},"16":{"name":"(anonymous_16)","decl":{"start":{"line":69,"column":18},"end":{"line":69,"column":33}},"loc":{"start":{"line":69,"column":33},"end":{"line":69,"column":null}},"line":69},"17":{"name":"(anonymous_17)","decl":{"start":{"line":74,"column":79},"end":{"line":74,"column":94}},"loc":{"start":{"line":74,"column":94},"end":{"line":74,"column":113}},"line":74},"18":{"name":"(anonymous_18)","decl":{"start":{"line":81,"column":18},"end":{"line":81,"column":33}},"loc":{"start":{"line":81,"column":33},"end":{"line":81,"column":null}},"line":81},"19":{"name":"(anonymous_19)","decl":{"start":{"line":94,"column":10},"end":{"line":94,"column":25}},"loc":{"start":{"line":94,"column":25},"end":{"line":94,"column":null}},"line":94},"20":{"name":"(anonymous_20)","decl":{"start":{"line":95,"column":10},"end":{"line":95,"column":20}},"loc":{"start":{"line":95,"column":32},"end":{"line":95,"column":null}},"line":95},"21":{"name":"(anonymous_21)","decl":{"start":{"line":95,"column":47},"end":{"line":95,"column":51}},"loc":{"start":{"line":95,"column":57},"end":{"line":95,"column":91}},"line":95},"22":{"name":"(anonymous_22)","decl":{"start":{"line":101,"column":10},"end":{"line":101,"column":25}},"loc":{"start":{"line":101,"column":25},"end":{"line":101,"column":null}},"line":101},"23":{"name":"(anonymous_23)","decl":{"start":{"line":102,"column":10},"end":{"line":102,"column":22}},"loc":{"start":{"line":102,"column":34},"end":{"line":102,"column":null}},"line":102}},"branchMap":{"0":{"loc":{"start":{"line":21,"column":4},"end":{"line":21,"column":null}},"type":"if","locations":[{"start":{"line":21,"column":4},"end":{"line":21,"column":null}},{"start":{},"end":{}}],"line":21},"1":{"loc":{"start":{"line":30,"column":4},"end":{"line":30,"column":null}},"type":"if","locations":[{"start":{"line":30,"column":4},"end":{"line":30,"column":null}},{"start":{},"end":{}}],"line":30},"2":{"loc":{"start":{"line":53,"column":7},"end":{"line":88,"column":null}},"type":"cond-expr","locations":[{"start":{"line":54,"column":8},"end":{"line":55,"column":null}},{"start":{"line":55,"column":10},"end":{"line":88,"column":null}}],"line":53},"3":{"loc":{"start":{"line":55,"column":10},"end":{"line":88,"column":null}},"type":"cond-expr","locations":[{"start":{"line":56,"column":8},"end":{"line":58,"column":9}},{"start":{"line":58,"column":8},"end":{"line":88,"column":null}}],"line":55},"4":{"loc":{"start":{"line":63,"column":54},"end":{"line":63,"column":139}},"type":"cond-expr","locations":[{"start":{"line":63,"column":76},"end":{"line":63,"column":119}},{"start":{"line":63,"column":119},"end":{"line":63,"column":139}}],"line":63},"5":{"loc":{"start":{"line":63,"column":144},"end":{"line":63,"column":null}},"type":"binary-expr","locations":[{"start":{"line":63,"column":144},"end":{"line":63,"column":155}},{"start":{"line":63,"column":155},"end":{"line":63,"column":null}}],"line":63},"6":{"loc":{"start":{"line":91,"column":7},"end":{"line":96,"column":null}},"type":"binary-expr","locations":[{"start":{"line":91,"column":7},"end":{"line":91,"column":null}},{"start":{"line":92,"column":8},"end":{"line":96,"column":null}}],"line":91},"7":{"loc":{"start":{"line":95,"column":57},"end":{"line":95,"column":91}},"type":"cond-expr","locations":[{"start":{"line":95,"column":79},"end":{"line":95,"column":89}},{"start":{"line":95,"column":89},"end":{"line":95,"column":91}}],"line":95},"8":{"loc":{"start":{"line":99,"column":7},"end":{"line":103,"column":null}},"type":"binary-expr","locations":[{"start":{"line":99,"column":7},"end":{"line":99,"column":null}},{"start":{"line":100,"column":8},"end":{"line":103,"column":null}}],"line":99}},"s":{"0":1,"1":0,"2":0,"3":0,"4":0,"5":0,"6":0,"7":0,"8":0,"9":0,"10":0,"11":0,"12":0,"13":0,"14":0,"15":0,"16":0,"17":0,"18":0,"19":0,"20":0,"21":0,"22":0,"23":0,"24":0,"25":0,"26":0,"27":0,"28":0,"29":0,"30":0,"31":0,"32":0,"33":0,"34":0,"35":0,"36":0,"37":0,"38":0},"f":{"0":0,"1":0,"2":0,"3":0,"4":0,"5":0,"6":0,"7":0,"8":0,"9":0,"10":0,"11":0,"12":0,"13":0,"14":0,"15":0,"16":0,"17":0,"18":0,"19":0,"20":0,"21":0,"22":0,"23":0},"b":{"0":[0,0],"1":[0,0],"2":[0,0],"3":[0,0],"4":[0,0],"5":[0,0],"6":[0,0],"7":[0,0],"8":[0,0]},"meta":{"lastBranch":9,"lastFunction":24,"lastStatement":39,"seen":{"s:8:6:107:Infinity":0,"f:8:6:8:20":0,"s:9:28:9:Infinity":1,"s:10:32:10:Infinity":2,"s:11:28:11:Infinity":3,"s:12:40:12:Infinity":4,"s:13:34:13:Infinity":5,"s:14:38:14:Infinity":6,"s:16:2:18:Infinity":7,"f:16:2:16:18":1,"s:17:4:17:Infinity":8,"f:17:30:17:37":2,"s:17:45:17:66":9,"f:17:68:17:82":3,"s:17:82:17:99":10,"s:20:8:27:Infinity":11,"f:20:8:20:24":4,"b:21:4:21:Infinity:undefined:undefined:undefined:undefined":0,"s:21:4:21:Infinity":12,"s:21:88:21:Infinity":13,"s:22:4:22:Infinity":14,"s:23:4:26:Infinity":15,"f:24:7:24:18":5,"s:24:18:24:71":16,"f:24:18:24:28":6,"s:24:37:24:70":17,"f:24:42:24:50":7,"s:24:56:24:69":18,"f:25:7:25:14":8,"s:25:22:25:47":19,"f:26:7:26:21":9,"s:26:21:26:40":20,"s:29:8:37:Infinity":21,"f:29:8:29:31":10,"b:30:4:30:Infinity:undefined:undefined:undefined:undefined":1,"s:30:4:30:Infinity":22,"s:30:95:30:Infinity":23,"s:32:4:36:Infinity":24,"f:33:7:33:13":11,"s:34:8:34:Infinity":25,"f:36:7:36:14":12,"s:36:22:36:47":26,"s:39:2:105:Infinity":27,"f:48:44:48:59":13,"s:48:59:48:Infinity":28,"b:54:8:55:Infinity:55:10:88:Infinity":2,"b:56:8:58:9:58:8:88:Infinity":3,"f:59:17:59:22":14,"s:60:12:86:Infinity":29,"b:63:76:63:119:63:119:63:139":4,"f:63:89:63:93":15,"s:63:98:63:104":30,"b:63:144:63:155:63:155:63:Infinity":5,"f:69:18:69:33":16,"s:69:33:69:Infinity":31,"f:74:79:74:94":17,"s:74:94:74:113":32,"f:81:18:81:33":18,"s:81:33:81:Infinity":33,"b:91:7:91:Infinity:92:8:96:Infinity":6,"f:94:10:94:25":19,"s:94:25:94:Infinity":34,"f:95:10:95:20":20,"s:95:32:95:Infinity":35,"f:95:47:95:51":21,"s:95:57:95:91":36,"b:95:79:95:89:95:89:95:91":7,"b:99:7:99:Infinity:100:8:103:Infinity":8,"f:101:10:101:25":22,"s:101:25:101:Infinity":37,"f:102:10:102:22":23,"s:102:34:102:Infinity":38},"fnNames":{}}}
}
